#
# There is insufficient memory for the Java Runtime Environment to continue.
# Native memory allocation (malloc) failed to allocate 1157312 bytes for Chunk::new
# Possible reasons:
#   The system is out of physical RAM or swap space
#   In 32 bit mode, the process size limit was hit
# Possible solutions:
#   Reduce memory load on the system
#   Increase physical memory or swap space
#   Check if swap backing store is full
#   Use 64 bit Java on a 64 bit OS
#   Decrease Java heap size (-Xmx/-Xms)
#   Decrease number of Java threads
#   Decrease Java thread stack sizes (-Xss)
#   Set larger code cache with -XX:ReservedCodeCacheSize=
# This output file may be truncated or incomplete.
#
#  Out of Memory Error (allocation.cpp:390), pid=7900, tid=0x000000000000261c
#
# JRE version: OpenJDK Runtime Environment (8.0_76-b03) (build 1.8.0_76-release-b03)
# Java VM: OpenJDK 64-Bit Server VM (25.76-b03 mixed mode windows-amd64 compressed oops)
# Failed to write core dump. Minidumps are not enabled by default on client versions of Windows
#

---------------  T H R E A D  ---------------

Current thread (0x00000000167b6000):  JavaThread "C2 CompilerThread0" daemon [_thread_in_native, id=9756, stack(0x00000000176a0000,0x00000000177a0000)]

Stack: [0x00000000176a0000,0x00000000177a0000]
[error occurred during error reporting (printing stack bounds), id 0xc0000005]

Native frames: (J=compiled Java code, j=interpreted, Vv=VM code, C=native code)


Current CompileTask:
C2: 561093 16255       4       java.io.ObjectOutputStream::writeClassDesc (60 bytes)


---------------  P R O C E S S  ---------------

Java Threads: ( => current thread )
  0x000000001b22a800 JavaThread "Stdin handler" [_thread_blocked, id=7280, stack(0x0000000027d80000,0x0000000027e80000)]
  0x000000001b223000 JavaThread "Asynchronous log dispatcher for org.gradle.launcher.daemon.server.DefaultDaemonConnection@4351264c" [_thread_blocked, id=12220, stack(0x0000000027c80000,0x0000000027d80000)]
  0x000000001b229800 JavaThread "Daemon worker Thread 5" [_thread_in_Java, id=2252, stack(0x0000000027b80000,0x0000000027c80000)]
  0x000000001b222000 JavaThread "Cancel handler" [_thread_blocked, id=11928, stack(0x0000000027a80000,0x0000000027b80000)]
  0x000000001b229000 JavaThread "Handler for socket connection from /127.0.0.1:53799 to /127.0.0.1:59617" [_thread_in_native, id=4900, stack(0x0000000027980000,0x0000000027a80000)]
  0x000000001b228000 JavaThread "Daemon Thread 5" [_thread_blocked, id=9848, stack(0x0000000027880000,0x0000000027980000)]
  0x000000001b225000 JavaThread "pool-3-thread-4" [_thread_blocked, id=11452, stack(0x0000000023b80000,0x0000000023c80000)]
  0x000000001b226800 JavaThread "pool-3-thread-3" [_thread_blocked, id=6312, stack(0x0000000022c80000,0x0000000022d80000)]
  0x000000001b049000 JavaThread "pool-3-thread-2" [_thread_blocked, id=10032, stack(0x0000000021e80000,0x0000000021f80000)]
  0x000000001b047800 JavaThread "pool-3-thread-1" [_thread_blocked, id=3824, stack(0x000000001e600000,0x000000001e700000)]
  0x000000001b044000 JavaThread "pool-2-thread-1" [_thread_blocked, id=11604, stack(0x000000001cfd0000,0x000000001d0d0000)]
  0x00000000196de000 JavaThread "File lock request listener" [_thread_in_native, id=1264, stack(0x000000001bd00000,0x000000001be00000)]
  0x00000000188b5000 JavaThread "pool-1-thread-1" [_thread_blocked, id=9956, stack(0x0000000019a30000,0x0000000019b30000)]
  0x0000000018690000 JavaThread "Incoming local TCP Connector on port 53799" [_thread_in_native, id=11720, stack(0x00000000186a0000,0x00000000187a0000)]
  0x00000000178cb800 JavaThread "Service Thread" daemon [_thread_blocked, id=11936, stack(0x0000000017ca0000,0x0000000017da0000)]
  0x00000000167b9800 JavaThread "C1 CompilerThread1" daemon [_thread_blocked, id=4748, stack(0x00000000177a0000,0x00000000178a0000)]
=>0x00000000167b6000 JavaThread "C2 CompilerThread0" daemon [_thread_in_native, id=9756, stack(0x00000000176a0000,0x00000000177a0000)]
  0x0000000016767800 JavaThread "Attach Listener" daemon [_thread_blocked, id=3724, stack(0x00000000175a0000,0x00000000176a0000)]
  0x00000000167b5800 JavaThread "Signal Dispatcher" daemon [_thread_blocked, id=10024, stack(0x00000000174a0000,0x00000000175a0000)]
  0x000000001673d000 JavaThread "Finalizer" daemon [_thread_blocked, id=3256, stack(0x00000000173a0000,0x00000000174a0000)]
  0x0000000016714800 JavaThread "Reference Handler" daemon [_thread_blocked, id=372, stack(0x00000000172a0000,0x00000000173a0000)]
  0x0000000002f32800 JavaThread "main" [_thread_blocked, id=11568, stack(0x0000000002a40000,0x0000000002b40000)]

Other Threads:
  0x000000001670b000 VMThread [stack: 0x00000000171a0000,0x00000000172a0000] [id=2376]
  0x00000000178ef800 WatcherThread [stack: 0x0000000017da0000,0x0000000017ea0000] [id=9556]

VM state:not at safepoint (normal execution)

VM Mutex/Monitor currently owned by a thread: None

Heap:
 PSYoungGen      total 327168K, used 142878K [0x00000000e0000000, 0x00000000f6a00000, 0x0000000100000000)
  eden space 300032K, 42% used [0x00000000e0000000,0x00000000e7c92c60,0x00000000f2500000)
  from space 27136K, 56% used [0x00000000f4000000,0x00000000f4ef4d60,0x00000000f5a80000)
  to   space 27648K, 0% used [0x00000000f2500000,0x00000000f2500000,0x00000000f4000000)
 ParOldGen       total 121856K, used 34752K [0x00000000a0000000, 0x00000000a7700000, 0x00000000e0000000)
  object space 121856K, 28% used [0x00000000a0000000,0x00000000a21f0358,0x00000000a7700000)
 Metaspace       used 65371K, capacity 68170K, committed 68480K, reserved 1110016K
  class space    used 8040K, capacity 8468K, committed 8576K, reserved 1048576K

Card table byte_map: [0x00000000123f0000,0x0000000012700000] byte_map_base: 0x0000000011ef0000

Marking Bits: (ParMarkBitMap*) 0x000000005e2e9d00
 Begin Bits: [0x0000000012b00000, 0x0000000014300000)
 End Bits:   [0x0000000014300000, 0x0000000015b00000)

Polling page: 0x0000000000bf0000

CodeCache: size=245760Kb used=43269Kb max_used=43357Kb free=202490Kb
 bounds [0x0000000003030000, 0x0000000005ae0000, 0x0000000012030000]
 total_blobs=13576 nmethods=12837 adapters=651
 compilation: enabled

Compilation events (10 events):
Event: 561.029 Thread 0x00000000167b9800 16290       3       com.sun.tools.javac.jvm.ClassReader::getPackageFileKinds (10 bytes)
Event: 561.030 Thread 0x00000000167b9800 nmethod 16290 0x0000000004880090 code [0x0000000004880240, 0x0000000004880858]
Event: 561.044 Thread 0x00000000167b9800 16292       2       com.sun.tools.javac.comp.Attr::attribImportQualifier (41 bytes)
Event: 561.044 Thread 0x00000000167b9800 nmethod 16292 0x000000000487fb10 code [0x000000000487fc80, 0x000000000487ff08]
Event: 561.045 Thread 0x00000000167b9800 16293       2       com.sun.tools.javac.comp.Check::isCanonical (44 bytes)
Event: 561.045 Thread 0x00000000167b9800 nmethod 16293 0x00000000039698d0 code [0x0000000003969a60, 0x0000000003969cf8]
Event: 561.047 Thread 0x00000000167b9800 16294   !   2       com.sun.tools.javac.comp.MemberEnter::attribImportType (39 bytes)
Event: 561.047 Thread 0x00000000167b9800 nmethod 16294 0x0000000003969050 code [0x00000000039691e0, 0x0000000003969528]
Event: 561.047 Thread 0x00000000167b9800 16295       2       com.sun.tools.javac.comp.MemberEnter::importNamed (46 bytes)
Event: 561.048 Thread 0x00000000167b9800 nmethod 16295 0x0000000004390ad0 code [0x0000000004390c60, 0x0000000004390ea8]

GC Heap History (10 events):
Event: 248.756 GC heap before
{Heap before GC invocations=24 (full 5):
 PSYoungGen      total 310784K, used 282624K [0x00000000e0000000, 0x00000000f4c00000, 0x0000000100000000)
  eden space 282624K, 100% used [0x00000000e0000000,0x00000000f1400000,0x00000000f1400000)
  from space 28160K, 0% used [0x00000000f3080000,0x00000000f3080000,0x00000000f4c00000)
  to   space 28672K, 0% used [0x00000000f1400000,0x00000000f1400000,0x00000000f3000000)
 ParOldGen       total 121856K, used 33714K [0x00000000a0000000, 0x00000000a7700000, 0x00000000e0000000)
  object space 121856K, 27% used [0x00000000a0000000,0x00000000a20ec980,0x00000000a7700000)
 Metaspace       used 64141K, capacity 66310K, committed 66432K, reserved 1107968K
  class space    used 7931K, capacity 8287K, committed 8320K, reserved 1048576K
Event: 248.763 GC heap after
Heap after GC invocations=24 (full 5):
 PSYoungGen      total 311296K, used 4000K [0x00000000e0000000, 0x00000000f6100000, 0x0000000100000000)
  eden space 282624K, 0% used [0x00000000e0000000,0x00000000e0000000,0x00000000f1400000)
  from space 28672K, 13% used [0x00000000f1400000,0x00000000f17e8000,0x00000000f3000000)
  to   space 28160K, 0% used [0x00000000f4580000,0x00000000f4580000,0x00000000f6100000)
 ParOldGen       total 121856K, used 33722K [0x00000000a0000000, 0x00000000a7700000, 0x00000000e0000000)
  object space 121856K, 27% used [0x00000000a0000000,0x00000000a20ee980,0x00000000a7700000)
 Metaspace       used 64141K, capacity 66310K, committed 66432K, reserved 1107968K
  class space    used 7931K, capacity 8287K, committed 8320K, reserved 1048576K
}
Event: 352.654 GC heap before
{Heap before GC invocations=25 (full 5):
 PSYoungGen      total 311296K, used 286624K [0x00000000e0000000, 0x00000000f6100000, 0x0000000100000000)
  eden space 282624K, 100% used [0x00000000e0000000,0x00000000f1400000,0x00000000f1400000)
  from space 28672K, 13% used [0x00000000f1400000,0x00000000f17e8000,0x00000000f3000000)
  to   space 28160K, 0% used [0x00000000f4580000,0x00000000f4580000,0x00000000f6100000)
 ParOldGen       total 121856K, used 33722K [0x00000000a0000000, 0x00000000a7700000, 0x00000000e0000000)
  object space 121856K, 27% used [0x00000000a0000000,0x00000000a20ee980,0x00000000a7700000)
 Metaspace       used 64487K, capacity 66744K, committed 67072K, reserved 1107968K
  class space    used 7953K, capacity 8321K, committed 8448K, reserved 1048576K
Event: 352.661 GC heap after
Heap after GC invocations=25 (full 5):
 PSYoungGen      total 323072K, used 3072K [0x00000000e0000000, 0x00000000f5b80000, 0x0000000100000000)
  eden space 300544K, 0% used [0x00000000e0000000,0x00000000e0000000,0x00000000f2580000)
  from space 22528K, 13% used [0x00000000f4580000,0x00000000f4880000,0x00000000f5b80000)
  to   space 27648K, 0% used [0x00000000f2580000,0x00000000f2580000,0x00000000f4080000)
 ParOldGen       total 121856K, used 33730K [0x00000000a0000000, 0x00000000a7700000, 0x00000000e0000000)
  object space 121856K, 27% used [0x00000000a0000000,0x00000000a20f0980,0x00000000a7700000)
 Metaspace       used 64487K, capacity 66744K, committed 67072K, reserved 1107968K
  class space    used 7953K, capacity 8321K, committed 8448K, reserved 1048576K
}
Event: 354.642 GC heap before
{Heap before GC invocations=26 (full 5):
 PSYoungGen      total 323072K, used 240459K [0x00000000e0000000, 0x00000000f5b80000, 0x0000000100000000)
  eden space 300544K, 78% used [0x00000000e0000000,0x00000000ee7d2c90,0x00000000f2580000)
  from space 22528K, 13% used [0x00000000f4580000,0x00000000f4880000,0x00000000f5b80000)
  to   space 27648K, 0% used [0x00000000f2580000,0x00000000f2580000,0x00000000f4080000)
 ParOldGen       total 121856K, used 33730K [0x00000000a0000000, 0x00000000a7700000, 0x00000000e0000000)
  object space 121856K, 27% used [0x00000000a0000000,0x00000000a20f0980,0x00000000a7700000)
 Metaspace       used 64599K, capacity 66954K, committed 67328K, reserved 1107968K
  class space    used 7954K, capacity 8323K, committed 8448K, reserved 1048576K
Event: 354.649 GC heap after
Heap after GC invocations=26 (full 5):
 PSYoungGen      total 302592K, used 1696K [0x00000000e0000000, 0x00000000f5a80000, 0x0000000100000000)
  eden space 300544K, 0% used [0x00000000e0000000,0x00000000e0000000,0x00000000f2580000)
  from space 2048K, 82% used [0x00000000f2580000,0x00000000f2728020,0x00000000f2780000)
  to   space 27136K, 0% used [0x00000000f4000000,0x00000000f4000000,0x00000000f5a80000)
 ParOldGen       total 121856K, used 33738K [0x00000000a0000000, 0x00000000a7700000, 0x00000000e0000000)
  object space 121856K, 27% used [0x00000000a0000000,0x00000000a20f2980,0x00000000a7700000)
 Metaspace       used 64599K, capacity 66954K, committed 67328K, reserved 1107968K
  class space    used 7954K, capacity 8323K, committed 8448K, reserved 1048576K
}
Event: 354.649 GC heap before
{Heap before GC invocations=27 (full 6):
 PSYoungGen      total 302592K, used 1696K [0x00000000e0000000, 0x00000000f5a80000, 0x0000000100000000)
  eden space 300544K, 0% used [0x00000000e0000000,0x00000000e0000000,0x00000000f2580000)
  from space 2048K, 82% used [0x00000000f2580000,0x00000000f2728020,0x00000000f2780000)
  to   space 27136K, 0% used [0x00000000f4000000,0x00000000f4000000,0x00000000f5a80000)
 ParOldGen       total 121856K, used 33738K [0x00000000a0000000, 0x00000000a7700000, 0x00000000e0000000)
  object space 121856K, 27% used [0x00000000a0000000,0x00000000a20f2980,0x00000000a7700000)
 Metaspace       used 64599K, capacity 66954K, committed 67328K, reserved 1107968K
  class space    used 7954K, capacity 8323K, committed 8448K, reserved 1048576K
Event: 354.867 GC heap after
Heap after GC invocations=27 (full 6):
 PSYoungGen      total 302592K, used 0K [0x00000000e0000000, 0x00000000f5a80000, 0x0000000100000000)
  eden space 300544K, 0% used [0x00000000e0000000,0x00000000e0000000,0x00000000f2580000)
  from space 2048K, 0% used [0x00000000f2580000,0x00000000f2580000,0x00000000f2780000)
  to   space 27136K, 0% used [0x00000000f4000000,0x00000000f4000000,0x00000000f5a80000)
 ParOldGen       total 121856K, used 34744K [0x00000000a0000000, 0x00000000a7700000, 0x00000000e0000000)
  object space 121856K, 28% used [0x00000000a0000000,0x00000000a21ee358,0x00000000a7700000)
 Metaspace       used 64599K, capacity 66954K, committed 67328K, reserved 1107968K
  class space    used 7954K, capacity 8323K, committed 8448K, reserved 1048576K
}
Event: 459.702 GC heap before
{Heap before GC invocations=28 (full 6):
 PSYoungGen      total 302592K, used 300544K [0x00000000e0000000, 0x00000000f5a80000, 0x0000000100000000)
  eden space 300544K, 100% used [0x00000000e0000000,0x00000000f2580000,0x00000000f2580000)
  from space 2048K, 0% used [0x00000000f2580000,0x00000000f2580000,0x00000000f2780000)
  to   space 27136K, 0% used [0x00000000f4000000,0x00000000f4000000,0x00000000f5a80000)
 ParOldGen       total 121856K, used 34744K [0x00000000a0000000, 0x00000000a7700000, 0x00000000e0000000)
  object space 121856K, 28% used [0x00000000a0000000,0x00000000a21ee358,0x00000000a7700000)
 Metaspace       used 65246K, capacity 68014K, committed 68224K, reserved 1110016K
  class space    used 8032K, capacity 8460K, committed 8576K, reserved 1048576K
Event: 459.727 GC heap after
Heap after GC invocations=28 (full 6):
 PSYoungGen      total 327168K, used 15315K [0x00000000e0000000, 0x00000000f6a00000, 0x0000000100000000)
  eden space 300032K, 0% used [0x00000000e0000000,0x00000000e0000000,0x00000000f2500000)
  from space 27136K, 56% used [0x00000000f4000000,0x00000000f4ef4d60,0x00000000f5a80000)
  to   space 27648K, 0% used [0x00000000f2500000,0x00000000f2500000,0x00000000f4000000)
 ParOldGen       total 121856K, used 34752K [0x00000000a0000000, 0x00000000a7700000, 0x00000000e0000000)
  object space 121856K, 28% used [0x00000000a0000000,0x00000000a21f0358,0x00000000a7700000)
 Metaspace       used 65246K, capacity 68014K, committed 68224K, reserved 1110016K
  class space    used 8032K, capacity 8460K, committed 8576K, reserved 1048576K
}

Deoptimization events (10 events):
Event: 249.482 Thread 0x000000001b223000 Uncommon trap: reason=range_check action=make_not_entrant pc=0x00000000052a31f0 method=org.objectweb.asm.Type.a([CI)Lorg/objectweb/asm/Type; @ 162
Event: 249.592 Thread 0x000000001b223000 Uncommon trap: reason=predicate action=maybe_recompile pc=0x000000000579140c method=java.util.TimSort.reverseRange([Ljava/lang/Object;II)V @ 8
Event: 249.605 Thread 0x000000001b22f800 Uncommon trap: reason=unstable_if action=reinterpret pc=0x0000000003a796d4 method=java.util.concurrent.ConcurrentHashMap.addCount(JI)V @ 34
Event: 249.609 Thread 0x000000001b22f800 Uncommon trap: reason=unstable_if action=reinterpret pc=0x000000000422b138 method=java.util.concurrent.ConcurrentHashMap.addCount(JI)V @ 7
Event: 353.330 Thread 0x000000001b229800 Uncommon trap: reason=unstable_if action=reinterpret pc=0x000000000475c2f8 method=com.sun.tools.javac.comp.Flow$AssignAnalyzer.scanExpr(Lcom/sun/tools/javac/tree/JCTree;)V @ 1
Event: 459.767 Thread 0x000000001b222000 Uncommon trap: reason=null_check action=make_not_entrant pc=0x000000000577e0a8 method=java.lang.ThreadLocal$ThreadLocalMap.set(Ljava/lang/ThreadLocal;Ljava/lang/Object;)V @ 36
Event: 560.721 Thread 0x000000001b229800 Uncommon trap: reason=array_check action=maybe_recompile pc=0x00000000036906dc method=java.util.TimSort.reverseRange([Ljava/lang/Object;II)V @ 20
Event: 560.742 Thread 0x000000001b229800 Uncommon trap: reason=array_check action=maybe_recompile pc=0x00000000036906dc method=java.util.TimSort.reverseRange([Ljava/lang/Object;II)V @ 20
Event: 560.742 Thread 0x000000001b229800 Uncommon trap: reason=array_check action=maybe_recompile pc=0x00000000036906dc method=java.util.TimSort.reverseRange([Ljava/lang/Object;II)V @ 20
Event: 560.742 Thread 0x000000001b229800 Uncommon trap: reason=array_check action=maybe_recompile pc=0x00000000036906dc method=java.util.TimSort.reverseRange([Ljava/lang/Object;II)V @ 20

Internal exceptions (10 events):
Event: 352.431 Thread 0x000000001b229800 Exception <a 'java/lang/ClassNotFoundException': asLocalRepo819_2t7uicq36h60emzr9ft3xbficCustomizer> (0x00000000edbfd5c8) thrown at [C:\src\android\AOSP-openjdk\external\jetbrains\jdk\hotspot\src\share\vm\classfile\systemDictionary.cpp, line 210]
Event: 352.759 Thread 0x000000001b229800 Exception <a 'sun/nio/fs/WindowsException'> (0x00000000e0d5dc68) thrown at [C:\src\android\AOSP-openjdk\external\jetbrains\jdk\hotspot\src\share\vm\prims\jni.cpp, line 709]
Event: 353.330 Thread 0x000000001b229800 Implicit null exception at 0x000000000475c24f to 0x000000000475c2e9
Event: 457.325 Thread 0x000000001b222000 Exception <a 'java/lang/ClassNotFoundException': asLocalRepo606_9vsande9z7mklsqt2w5py1j51BeanInfo> (0x00000000e06f8480) thrown at [C:\src\android\AOSP-openjdk\external\jetbrains\jdk\hotspot\src\share\vm\classfile\systemDictionary.cpp, line 210]
Event: 457.325 Thread 0x000000001b222000 Exception <a 'java/lang/ClassNotFoundException': asLocalRepo606_9vsande9z7mklsqt2w5py1j51Customizer> (0x00000000e0701fe0) thrown at [C:\src\android\AOSP-openjdk\external\jetbrains\jdk\hotspot\src\share\vm\classfile\systemDictionary.cpp, line 210]
Event: 457.625 Thread 0x000000001b222000 Exception <a 'sun/nio/fs/WindowsException'> (0x00000000e4b8e790) thrown at [C:\src\android\AOSP-openjdk\external\jetbrains\jdk\hotspot\src\share\vm\prims\jni.cpp, line 709]
Event: 459.767 Thread 0x000000001b222000 Implicit null exception at 0x000000000577ce09 to 0x000000000577e075
Event: 560.250 Thread 0x000000001b229800 Exception <a 'java/lang/ClassNotFoundException': asLocalRepo757_dbfxvmetsflxuxilwt1vmr9ywBeanInfo> (0x00000000e08c7a98) thrown at [C:\src\android\AOSP-openjdk\external\jetbrains\jdk\hotspot\src\share\vm\classfile\systemDictionary.cpp, line 210]
Event: 560.250 Thread 0x000000001b229800 Exception <a 'java/lang/ClassNotFoundException': asLocalRepo757_dbfxvmetsflxuxilwt1vmr9ywCustomizer> (0x00000000e08d15f8) thrown at [C:\src\android\AOSP-openjdk\external\jetbrains\jdk\hotspot\src\share\vm\classfile\systemDictionary.cpp, line 210]
Event: 560.512 Thread 0x000000001b229800 Exception <a 'sun/nio/fs/WindowsException'> (0x00000000e4d9a330) thrown at [C:\src\android\AOSP-openjdk\external\jetbrains\jdk\hotspot\src\share\vm\prims\jni.cpp, line 709]

Events (10 events):
Event: 560.721 Thread 0x000000001b229800 DEOPT UNPACKING pc=0x000000000307556a sp=0x0000000027c7c4c0 mode 2
Event: 560.742 Thread 0x000000001b229800 Uncommon trap: trap_request=0xffffffd6 fr.pc=0x00000000036906dc
Event: 560.742 Thread 0x000000001b229800 DEOPT PACKING pc=0x00000000036906dc sp=0x0000000027c7c5a0
Event: 560.742 Thread 0x000000001b229800 DEOPT UNPACKING pc=0x000000000307556a sp=0x0000000027c7c4c0 mode 2
Event: 560.742 Thread 0x000000001b229800 Uncommon trap: trap_request=0xffffffd6 fr.pc=0x00000000036906dc
Event: 560.742 Thread 0x000000001b229800 DEOPT PACKING pc=0x00000000036906dc sp=0x0000000027c7c5a0
Event: 560.742 Thread 0x000000001b229800 DEOPT UNPACKING pc=0x000000000307556a sp=0x0000000027c7c4c0 mode 2
Event: 560.742 Thread 0x000000001b229800 Uncommon trap: trap_request=0xffffffd6 fr.pc=0x00000000036906dc
Event: 560.742 Thread 0x000000001b229800 DEOPT PACKING pc=0x00000000036906dc sp=0x0000000027c7c5a0
Event: 560.742 Thread 0x000000001b229800 DEOPT UNPACKING pc=0x000000000307556a sp=0x0000000027c7c4c0 mode 2


Dynamic libraries:
0x00007ff78e5d0000 - 0x00007ff78e601000 	C:\Program Files\Android\Android Studio\jre\bin\java.exe
0x00007ff992620000 - 0x00007ff9927f1000 	C:\WINDOWS\SYSTEM32\ntdll.dll
0x00007ff990ad0000 - 0x00007ff990b7b000 	C:\WINDOWS\System32\KERNEL32.DLL
0x00007ff98ee40000 - 0x00007ff98f05d000 	C:\WINDOWS\System32\KERNELBASE.dll
0x00007ff990c50000 - 0x00007ff990cf2000 	C:\WINDOWS\System32\ADVAPI32.dll
0x00007ff9908c0000 - 0x00007ff99095e000 	C:\WINDOWS\System32\msvcrt.dll
0x00007ff990670000 - 0x00007ff9906c9000 	C:\WINDOWS\System32\sechost.dll
0x00007ff98fbc0000 - 0x00007ff98fce1000 	C:\WINDOWS\System32\RPCRT4.dll
0x00007ff992350000 - 0x00007ff9924b5000 	C:\WINDOWS\System32\USER32.dll
0x00007ff98fa20000 - 0x00007ff98fa3e000 	C:\WINDOWS\System32\win32u.dll
0x00007ff990be0000 - 0x00007ff990c14000 	C:\WINDOWS\System32\GDI32.dll
0x00007ff98ec60000 - 0x00007ff98ede2000 	C:\WINDOWS\System32\gdi32full.dll
0x00007ff9830e0000 - 0x00007ff983359000 	C:\WINDOWS\WinSxS\amd64_microsoft.windows.common-controls_6595b64144ccf1df_6.0.14393.447_none_42191651c6827bb3\COMCTL32.dll
0x00007ff990330000 - 0x00007ff9905f8000 	C:\WINDOWS\System32\combase.dll
0x00007ff98fab0000 - 0x00007ff98fba5000 	C:\WINDOWS\System32\ucrtbase.dll
0x00007ff98fa40000 - 0x00007ff98faaa000 	C:\WINDOWS\System32\bcryptPrimitives.dll
0x00007ff990c20000 - 0x00007ff990c4e000 	C:\WINDOWS\System32\IMM32.DLL
0x000000005e880000 - 0x000000005e952000 	C:\Program Files\Android\Android Studio\jre\jre\bin\msvcr100.dll
0x000000005db30000 - 0x000000005e364000 	C:\Program Files\Android\Android Studio\jre\jre\bin\server\jvm.dll
0x00007ff98fbb0000 - 0x00007ff98fbb8000 	C:\WINDOWS\System32\PSAPI.DLL
0x00007ff981940000 - 0x00007ff981949000 	C:\WINDOWS\SYSTEM32\WSOCK32.dll
0x00007ff990850000 - 0x00007ff9908ba000 	C:\WINDOWS\System32\WS2_32.dll
0x00007ff983a60000 - 0x00007ff983a6a000 	C:\WINDOWS\SYSTEM32\VERSION.dll
0x00007ff98c9a0000 - 0x00007ff98c9c3000 	C:\WINDOWS\SYSTEM32\WINMM.dll
0x00007ff98c940000 - 0x00007ff98c96b000 	C:\WINDOWS\SYSTEM32\WINMMBASE.dll
0x00007ff98edf0000 - 0x00007ff98ee32000 	C:\WINDOWS\System32\cfgmgr32.dll
0x00007ff983d50000 - 0x00007ff983d5f000 	C:\Program Files\Android\Android Studio\jre\jre\bin\verify.dll
0x00007ff9737d0000 - 0x00007ff9737f9000 	C:\Program Files\Android\Android Studio\jre\jre\bin\java.dll
0x00007ff97f030000 - 0x00007ff97f046000 	C:\Program Files\Android\Android Studio\jre\jre\bin\zip.dll
0x00007ff990d00000 - 0x00007ff992209000 	C:\WINDOWS\System32\SHELL32.dll
0x00007ff98f170000 - 0x00007ff98f84a000 	C:\WINDOWS\System32\windows.storage.dll
0x00007ff98ea80000 - 0x00007ff98eacc000 	C:\WINDOWS\System32\powrprof.dll
0x00007ff9907d0000 - 0x00007ff990822000 	C:\WINDOWS\System32\shlwapi.dll
0x00007ff98ead0000 - 0x00007ff98eadf000 	C:\WINDOWS\System32\kernel.appcore.dll
0x00007ff98eb10000 - 0x00007ff98ebb9000 	C:\WINDOWS\System32\shcore.dll
0x00007ff98eae0000 - 0x00007ff98eaf4000 	C:\WINDOWS\System32\profapi.dll
0x00007ff97ed40000 - 0x00007ff97ed5a000 	C:\Program Files\Android\Android Studio\jre\jre\bin\net.dll
0x00007ff98e320000 - 0x00007ff98e37c000 	C:\WINDOWS\system32\mswsock.dll
0x00007ff97eac0000 - 0x00007ff97ead1000 	C:\Program Files\Android\Android Studio\jre\jre\bin\nio.dll
0x00007ff97da80000 - 0x00007ff97da92000 	C:\Users\Xjr\.gradle\native\19\windows-amd64\native-platform.dll
0x00007ff98e4c0000 - 0x00007ff98e4d7000 	C:\WINDOWS\SYSTEM32\CRYPTSP.dll
0x00007ff98df30000 - 0x00007ff98df63000 	C:\WINDOWS\system32\rsaenh.dll
0x00007ff98e9c0000 - 0x00007ff98e9eb000 	C:\WINDOWS\SYSTEM32\bcrypt.dll
0x00007ff98e1b0000 - 0x00007ff98e1cf000 	C:\WINDOWS\SYSTEM32\USERENV.dll
0x00007ff98e4e0000 - 0x00007ff98e4eb000 	C:\WINDOWS\SYSTEM32\CRYPTBASE.dll
0x00007ff98e0b0000 - 0x00007ff98e0e8000 	C:\WINDOWS\SYSTEM32\IPHLPAPI.DLL
0x00007ff98fef0000 - 0x00007ff98fef8000 	C:\WINDOWS\System32\NSI.dll
0x00007ff987e80000 - 0x00007ff987e96000 	C:\WINDOWS\SYSTEM32\dhcpcsvc6.DLL
0x00007ff987e50000 - 0x00007ff987e6a000 	C:\WINDOWS\SYSTEM32\dhcpcsvc.DLL
0x00007ff983570000 - 0x00007ff98357d000 	C:\Program Files\Android\Android Studio\jre\jre\bin\management.dll

VM Arguments:
jvm_args: -Xmx1536m -Dfile.encoding=GBK -Duser.country=CN -Duser.language=zh -Duser.variant 
java_command: org.gradle.launcher.daemon.bootstrap.GradleDaemon 2.14.1
java_class_path (initial): C:\Users\Xjr\.gradle\wrapper\dists\gradle-2.14.1-all\8bnwg5hd3w55iofp58khbp6yv\gradle-2.14.1\lib\gradle-launcher-2.14.1.jar
Launcher Type: SUN_STANDARD

Environment Variables:
JAVA_HOME=C:\Program Files\Java\jdk1.8.0_31
CLASSPATH=.;C:\Program Files\Java\jdk1.8.0_31\lib;C:\Program Files\Java\jdk1.8.0_31\lib\tools.jar;C:\Cocos\tools\ant\lib
PATH=C:\ProgramData\Oracle\Java\javapath;C:\Program Files (x86)\Common Files\NetSarang;C:\WINDOWS\system32;C:\WINDOWS;C:\WINDOWS\System32\Wbem;C:\WINDOWS\System32\WindowsPowerShell\v1.0\;C:\WINDOWS\system32\config\systemprofile\.dnx\bin;C:\Program Files\Java\jdk1.8.0_31\bin;C:\Program Files\Java\jdk1.8.0_31\jre\bin;C:\Program Files\Microsoft DNX\Dnvm\;C:\Program Files\Microsoft SQL Server\130\Tools\Binn\;C:\Program Files (x86)\Windows Kits\8.1\Windows Performance Toolkit\;C:\Python27;C:\Users\Xjr\AppData\Local\Android\sdk\tools;C:\Users\Xjr\AppData\Local\Android\sdk\platform-tools;C:\android-ndk-r9d;C:\Cocos\tools\ant\bin;C:\Cocos\Cocos2d-x\cocos2d-x-3.10;C:\Cocos\Cocos2d-x\cocos2d-x-3.10\tools\cocos2d-console\bin;C:\Program Files (x86)\GtkSharp\2.12\bin;C:\Program Files\nodejs\;C:\Cocos\Cocos2d-x\cocos2d-x-3.10\templates;C:\Cocos\Cocos2d-x\cocos2d-x-3.10\tools\cocos2d-console\bin;C:\Cocos\Cocos2d-x;Cocos\Cocos2d-x\Cocos2d-x-3.10\tools\cocos2d-console\bin;cocos2d-x-3.14.1\templates;C:\Users\Xjr\AppData\Local\Microsoft\WindowsApps;C:\Users\Xjr\AppData\Roaming\npm
USERNAME=Xjr
OS=Windows_NT
PROCESSOR_IDENTIFIER=Intel64 Family 6 Model 60 Stepping 3, GenuineIntel



---------------  S Y S T E M  ---------------

OS: Windows 10.0 , 64 bit Build 14393 (10.0.14393.0)

CPU:total 2 (2 cores per cpu, 1 threads per core) family 6 model 60 stepping 3, cmov, cx8, fxsr, mmx, sse, sse2, sse3, ssse3, sse4.1, sse4.2, popcnt, clmul, erms, lzcnt, tsc, tscinvbit

Memory: 4k page, physical 6159896k(1401500k free), swap 8038076k(6380k free)

vm_info: OpenJDK 64-Bit Server VM (25.76-b03) for windows-amd64 JRE (1.8.0_76-release-b03), built on Jun 29 2016 19:09:20 by "ralucas" with MS VC++ 10.0 (VS2010)

time: Tue Jun 27 15:42:14 2017
elapsed time: 561 seconds (0d 0h 9m 21s)

