#
# There is insufficient memory for the Java Runtime Environment to continue.
# Native memory allocation (malloc) failed to allocate 65552 bytes for Chunk::new
# Possible reasons:
#   The system is out of physical RAM or swap space
#   In 32 bit mode, the process size limit was hit
# Possible solutions:
#   Reduce memory load on the system
#   Increase physical memory or swap space
#   Check if swap backing store is full
#   Use 64 bit Java on a 64 bit OS
#   Decrease Java heap size (-Xmx/-Xms)
#   Decrease number of Java threads
#   Decrease Java thread stack sizes (-Xss)
#   Set larger code cache with -XX:ReservedCodeCacheSize=
# This output file may be truncated or incomplete.
#
#  Out of Memory Error (allocation.cpp:390), pid=8656, tid=0x00000000000006b0
#
# JRE version: OpenJDK Runtime Environment (8.0_76-b03) (build 1.8.0_76-release-b03)
# Java VM: OpenJDK 64-Bit Server VM (25.76-b03 mixed mode windows-amd64 compressed oops)
# Failed to write core dump. Minidumps are not enabled by default on client versions of Windows
#

---------------  T H R E A D  ---------------

Current thread (0x0000000016ad5000):  JavaThread "C2 CompilerThread0" daemon [_thread_in_native, id=1712, stack(0x0000000017a20000,0x0000000017b20000)]

Stack: [0x0000000017a20000,0x0000000017b20000]
[error occurred during error reporting (printing stack bounds), id 0xc0000005]

Native frames: (J=compiled Java code, j=interpreted, Vv=VM code, C=native code)


Current CompileTask:
C2: 162093 13013       4       java.io.WinNTFileSystem::normalize (231 bytes)


---------------  P R O C E S S  ---------------

Java Threads: ( => current thread )
  0x000000001cc87000 JavaThread "Stdin handler" [_thread_blocked, id=7464, stack(0x0000000022120000,0x0000000022220000)]
  0x000000001cc84000 JavaThread "Asynchronous log dispatcher for org.gradle.launcher.daemon.server.DefaultDaemonConnection@43f0b694" [_thread_blocked, id=4012, stack(0x0000000022020000,0x0000000022120000)]
  0x000000001cc8a800 JavaThread "Cancel handler" [_thread_blocked, id=1496, stack(0x0000000021f20000,0x0000000022020000)]
  0x000000001cc89000 JavaThread "Handler for socket connection from /127.0.0.1:60646 to /127.0.0.1:62109" [_thread_in_native, id=9948, stack(0x0000000021e20000,0x0000000021f20000)]
  0x000000001cc84800 JavaThread "pool-4-thread-2" [_thread_blocked, id=11432, stack(0x0000000021320000,0x0000000021420000)]
  0x000000001ad3d000 JavaThread "pool-4-thread-1" [_thread_blocked, id=7564, stack(0x000000001ff70000,0x0000000020070000)]
  0x000000001ad3a800 JavaThread "pool-2-thread-1" [_thread_blocked, id=4468, stack(0x000000001e8b0000,0x000000001e9b0000)]
  0x000000001cc68000 JavaThread "File lock request listener" [_thread_in_native, id=9776, stack(0x000000001bca0000,0x000000001bda0000)]
  0x0000000018f73800 JavaThread "Daemon worker" [_thread_in_native, id=9428, stack(0x000000001a1d0000,0x000000001a2d0000)]
  0x0000000019040000 JavaThread "Daemon" [_thread_blocked, id=4076, stack(0x0000000019ed0000,0x0000000019fd0000)]
  0x0000000018c8c800 JavaThread "pool-1-thread-1" [_thread_blocked, id=3068, stack(0x0000000019dd0000,0x0000000019ed0000)]
  0x0000000018c1d000 JavaThread "Incoming local TCP Connector on port 60646" [_thread_in_native, id=5132, stack(0x0000000018a50000,0x0000000018b50000)]
  0x0000000016b1e800 JavaThread "Service Thread" daemon [_thread_blocked, id=11556, stack(0x0000000018020000,0x0000000018120000)]
  0x0000000016ad8800 JavaThread "C1 CompilerThread1" daemon [_thread_blocked, id=11164, stack(0x0000000017b20000,0x0000000017c20000)]
=>0x0000000016ad5000 JavaThread "C2 CompilerThread0" daemon [_thread_in_native, id=1712, stack(0x0000000017a20000,0x0000000017b20000)]
  0x0000000016a87000 JavaThread "Attach Listener" daemon [_thread_blocked, id=1660, stack(0x0000000017920000,0x0000000017a20000)]
  0x0000000016ad4800 JavaThread "Signal Dispatcher" daemon [_thread_blocked, id=4500, stack(0x0000000017820000,0x0000000017920000)]
  0x0000000016a5d000 JavaThread "Finalizer" daemon [_thread_blocked, id=9892, stack(0x00000000176b0000,0x00000000177b0000)]
  0x0000000016a34800 JavaThread "Reference Handler" daemon [_thread_blocked, id=6460, stack(0x00000000175b0000,0x00000000176b0000)]
  0x0000000003222800 JavaThread "main" [_thread_blocked, id=3880, stack(0x0000000002dc0000,0x0000000002ec0000)]

Other Threads:
  0x0000000016a2b000 VMThread [stack: 0x00000000174b0000,0x00000000175b0000] [id=9728]
  0x0000000016aee000 WatcherThread [stack: 0x0000000018120000,0x0000000018220000] [id=3428]

VM state:not at safepoint (normal execution)

VM Mutex/Monitor currently owned by a thread: None

Heap:
 PSYoungGen      total 285184K, used 12369K [0x00000000e0000000, 0x00000000f9400000, 0x0000000100000000)
  eden space 263680K, 4% used [0x00000000e0000000,0x00000000e0c146e8,0x00000000f0180000)
  from space 21504K, 0% used [0x00000000f0180000,0x00000000f0180000,0x00000000f1680000)
  to   space 18944K, 0% used [0x00000000f1680000,0x00000000f1680000,0x00000000f2900000)
 ParOldGen       total 108544K, used 36534K [0x00000000a0000000, 0x00000000a6a00000, 0x00000000e0000000)
  object space 108544K, 33% used [0x00000000a0000000,0x00000000a23ada40,0x00000000a6a00000)
 Metaspace       used 63383K, capacity 65156K, committed 65328K, reserved 1105920K
  class space    used 7890K, capacity 8238K, committed 8240K, reserved 1048576K

Card table byte_map: [0x00000000126f0000,0x0000000012a00000] byte_map_base: 0x00000000121f0000

Marking Bits: (ParMarkBitMap*) 0x000000005e2e9d00
 Begin Bits: [0x0000000012e00000, 0x0000000014600000)
 End Bits:   [0x0000000014600000, 0x0000000015e00000)

Polling page: 0x0000000001800000

CodeCache: size=245760Kb used=35243Kb max_used=35255Kb free=210516Kb
 bounds [0x0000000003330000, 0x00000000055d0000, 0x0000000012330000]
 total_blobs=11947 nmethods=11210 adapters=649
 compilation: enabled

Compilation events (10 events):
Event: 162.015 Thread 0x0000000016ad8800 nmethod 13008 0x00000000055b7a10 code [0x00000000055b7b60, 0x00000000055b7c50]
Event: 162.016 Thread 0x0000000016ad8800 13009       3       java.io.FileOutputStream::<init> (114 bytes)
Event: 162.017 Thread 0x0000000016ad8800 nmethod 13009 0x00000000055c1d10 code [0x00000000055c1f20, 0x00000000055c2978]
Event: 162.041 Thread 0x0000000016ad8800 13010       3       java.io.FileOutputStream::<init> (7 bytes)
Event: 162.042 Thread 0x0000000016ad8800 nmethod 13010 0x00000000055c1990 code [0x00000000055c1b00, 0x00000000055c1c88]
Event: 162.054 Thread 0x0000000016ad8800 13011       3       org.gradle.api.file.RelativePath::getParent (39 bytes)
Event: 162.054 Thread 0x0000000016ad8800 nmethod 13011 0x00000000055b71d0 code [0x00000000055b7380, 0x00000000055b7818]
Event: 162.057 Thread 0x0000000016ad5000 13012       4       org.gradle.api.internal.file.pattern.GreedyPathMatcher::matches (61 bytes)
Event: 162.062 Thread 0x0000000016ad5000 nmethod 13012 0x00000000055c5fd0 code [0x00000000055c6160, 0x00000000055c66a8]
Event: 162.070 Thread 0x0000000016ad5000 13013       4       java.io.WinNTFileSystem::normalize (231 bytes)

GC Heap History (10 events):
Event: 13.545 GC heap before
{Heap before GC invocations=18 (full 4):
 PSYoungGen      total 283136K, used 13127K [0x00000000e0000000, 0x00000000f2900000, 0x0000000100000000)
  eden space 264192K, 0% used [0x00000000e0000000,0x00000000e0000000,0x00000000f0200000)
  from space 18944K, 69% used [0x00000000f1680000,0x00000000f2351de0,0x00000000f2900000)
  to   space 19968K, 0% used [0x00000000f0200000,0x00000000f0200000,0x00000000f1580000)
 ParOldGen       total 108544K, used 37663K [0x00000000a0000000, 0x00000000a6a00000, 0x00000000e0000000)
  object space 108544K, 34% used [0x00000000a0000000,0x00000000a24c7c18,0x00000000a6a00000)
 Metaspace       used 61235K, capacity 62714K, committed 62896K, reserved 1103872K
  class space    used 7774K, capacity 8086K, committed 8112K, reserved 1048576K
Event: 13.721 GC heap after
Heap after GC invocations=18 (full 4):
 PSYoungGen      total 283136K, used 0K [0x00000000e0000000, 0x00000000f2900000, 0x0000000100000000)
  eden space 264192K, 0% used [0x00000000e0000000,0x00000000e0000000,0x00000000f0200000)
  from space 18944K, 0% used [0x00000000f1680000,0x00000000f1680000,0x00000000f2900000)
  to   space 19968K, 0% used [0x00000000f0200000,0x00000000f0200000,0x00000000f1580000)
 ParOldGen       total 108544K, used 34919K [0x00000000a0000000, 0x00000000a6a00000, 0x00000000e0000000)
  object space 108544K, 32% used [0x00000000a0000000,0x00000000a2219f48,0x00000000a6a00000)
 Metaspace       used 61235K, capacity 62714K, committed 62896K, reserved 1103872K
  class space    used 7774K, capacity 8086K, committed 8112K, reserved 1048576K
}
Event: 65.994 GC heap before
{Heap before GC invocations=19 (full 4):
 PSYoungGen      total 283136K, used 264192K [0x00000000e0000000, 0x00000000f2900000, 0x0000000100000000)
  eden space 264192K, 100% used [0x00000000e0000000,0x00000000f0200000,0x00000000f0200000)
  from space 18944K, 0% used [0x00000000f1680000,0x00000000f1680000,0x00000000f2900000)
  to   space 19968K, 0% used [0x00000000f0200000,0x00000000f0200000,0x00000000f1580000)
 ParOldGen       total 108544K, used 34919K [0x00000000a0000000, 0x00000000a6a00000, 0x00000000e0000000)
  object space 108544K, 32% used [0x00000000a0000000,0x00000000a2219f48,0x00000000a6a00000)
 Metaspace       used 62196K, capacity 63800K, committed 64048K, reserved 1105920K
  class space    used 7807K, capacity 8122K, committed 8240K, reserved 1048576K
Event: 66.017 GC heap after
Heap after GC invocations=19 (full 4):
 PSYoungGen      total 284160K, used 16536K [0x00000000e0000000, 0x00000000f2900000, 0x0000000100000000)
  eden space 264192K, 0% used [0x00000000e0000000,0x00000000e0000000,0x00000000f0200000)
  from space 19968K, 82% used [0x00000000f0200000,0x00000000f1226288,0x00000000f1580000)
  to   space 18944K, 0% used [0x00000000f1680000,0x00000000f1680000,0x00000000f2900000)
 ParOldGen       total 108544K, used 34927K [0x00000000a0000000, 0x00000000a6a00000, 0x00000000e0000000)
  object space 108544K, 32% used [0x00000000a0000000,0x00000000a221bf48,0x00000000a6a00000)
 Metaspace       used 62196K, capacity 63800K, committed 64048K, reserved 1105920K
  class space    used 7807K, capacity 8122K, committed 8240K, reserved 1048576K
}
Event: 158.568 GC heap before
{Heap before GC invocations=20 (full 4):
 PSYoungGen      total 284160K, used 280728K [0x00000000e0000000, 0x00000000f2900000, 0x0000000100000000)
  eden space 264192K, 100% used [0x00000000e0000000,0x00000000f0200000,0x00000000f0200000)
  from space 19968K, 82% used [0x00000000f0200000,0x00000000f1226288,0x00000000f1580000)
  to   space 18944K, 0% used [0x00000000f1680000,0x00000000f1680000,0x00000000f2900000)
 ParOldGen       total 108544K, used 34927K [0x00000000a0000000, 0x00000000a6a00000, 0x00000000e0000000)
  object space 108544K, 32% used [0x00000000a0000000,0x00000000a221bf48,0x00000000a6a00000)
 Metaspace       used 62830K, capacity 64532K, committed 64816K, reserved 1105920K
  class space    used 7839K, capacity 8166K, committed 8240K, reserved 1048576K
Event: 158.577 GC heap after
Heap after GC invocations=20 (full 4):
 PSYoungGen      total 282624K, used 2912K [0x00000000e0000000, 0x00000000f9400000, 0x0000000100000000)
  eden space 263680K, 0% used [0x00000000e0000000,0x00000000e0000000,0x00000000f0180000)
  from space 18944K, 15% used [0x00000000f1680000,0x00000000f1958000,0x00000000f2900000)
  to   space 21504K, 0% used [0x00000000f0180000,0x00000000f0180000,0x00000000f1680000)
 ParOldGen       total 108544K, used 35505K [0x00000000a0000000, 0x00000000a6a00000, 0x00000000e0000000)
  object space 108544K, 32% used [0x00000000a0000000,0x00000000a22ac5a8,0x00000000a6a00000)
 Metaspace       used 62830K, capacity 64532K, committed 64816K, reserved 1105920K
  class space    used 7839K, capacity 8166K, committed 8240K, reserved 1048576K
}
Event: 161.228 GC heap before
{Heap before GC invocations=21 (full 4):
 PSYoungGen      total 282624K, used 39506K [0x00000000e0000000, 0x00000000f9400000, 0x0000000100000000)
  eden space 263680K, 13% used [0x00000000e0000000,0x00000000e23bc998,0x00000000f0180000)
  from space 18944K, 15% used [0x00000000f1680000,0x00000000f1958000,0x00000000f2900000)
  to   space 21504K, 0% used [0x00000000f0180000,0x00000000f0180000,0x00000000f1680000)
 ParOldGen       total 108544K, used 35505K [0x00000000a0000000, 0x00000000a6a00000, 0x00000000e0000000)
  object space 108544K, 32% used [0x00000000a0000000,0x00000000a22ac5a8,0x00000000a6a00000)
 Metaspace       used 63015K, capacity 64798K, committed 65072K, reserved 1105920K
  class space    used 7849K, capacity 8205K, committed 8240K, reserved 1048576K
Event: 161.250 GC heap after
Heap after GC invocations=21 (full 4):
 PSYoungGen      total 285184K, used 2464K [0x00000000e0000000, 0x00000000f9400000, 0x0000000100000000)
  eden space 263680K, 0% used [0x00000000e0000000,0x00000000e0000000,0x00000000f0180000)
  from space 21504K, 11% used [0x00000000f0180000,0x00000000f03e8000,0x00000000f1680000)
  to   space 18944K, 0% used [0x00000000f1680000,0x00000000f1680000,0x00000000f2900000)
 ParOldGen       total 108544K, used 36437K [0x00000000a0000000, 0x00000000a6a00000, 0x00000000e0000000)
  object space 108544K, 33% used [0x00000000a0000000,0x00000000a2395608,0x00000000a6a00000)
 Metaspace       used 63015K, capacity 64798K, committed 65072K, reserved 1105920K
  class space    used 7849K, capacity 8205K, committed 8240K, reserved 1048576K
}
Event: 161.250 GC heap before
{Heap before GC invocations=22 (full 5):
 PSYoungGen      total 285184K, used 2464K [0x00000000e0000000, 0x00000000f9400000, 0x0000000100000000)
  eden space 263680K, 0% used [0x00000000e0000000,0x00000000e0000000,0x00000000f0180000)
  from space 21504K, 11% used [0x00000000f0180000,0x00000000f03e8000,0x00000000f1680000)
  to   space 18944K, 0% used [0x00000000f1680000,0x00000000f1680000,0x00000000f2900000)
 ParOldGen       total 108544K, used 36437K [0x00000000a0000000, 0x00000000a6a00000, 0x00000000e0000000)
  object space 108544K, 33% used [0x00000000a0000000,0x00000000a2395608,0x00000000a6a00000)
 Metaspace       used 63015K, capacity 64798K, committed 65072K, reserved 1105920K
  class space    used 7849K, capacity 8205K, committed 8240K, reserved 1048576K
Event: 161.639 GC heap after
Heap after GC invocations=22 (full 5):
 PSYoungGen      total 285184K, used 0K [0x00000000e0000000, 0x00000000f9400000, 0x0000000100000000)
  eden space 263680K, 0% used [0x00000000e0000000,0x00000000e0000000,0x00000000f0180000)
  from space 21504K, 0% used [0x00000000f0180000,0x00000000f0180000,0x00000000f1680000)
  to   space 18944K, 0% used [0x00000000f1680000,0x00000000f1680000,0x00000000f2900000)
 ParOldGen       total 108544K, used 36534K [0x00000000a0000000, 0x00000000a6a00000, 0x00000000e0000000)
  object space 108544K, 33% used [0x00000000a0000000,0x00000000a23ada40,0x00000000a6a00000)
 Metaspace       used 63015K, capacity 64798K, committed 65072K, reserved 1105920K
  class space    used 7849K, capacity 8205K, committed 8240K, reserved 1048576K
}

Deoptimization events (10 events):
Event: 161.784 Thread 0x0000000018f73800 Uncommon trap: reason=class_check action=maybe_recompile pc=0x00000000052f7c68 method=org.gradle.api.tasks.util.internal.CachingPatternSpecFactory$CachingSpec.isSatisfiedBy(Lorg/gradle/api/file/FileTreeElement;)Z @ 5
Event: 161.784 Thread 0x0000000018f73800 Uncommon trap: reason=class_check action=maybe_recompile pc=0x00000000052f90e0 method=org.gradle.api.tasks.util.internal.CachingPatternSpecFactory$CachingSpec.isSatisfiedBy(Ljava/lang/Object;)Z @ 2
Event: 161.784 Thread 0x0000000018f73800 Uncommon trap: reason=class_check action=maybe_recompile pc=0x00000000052f7c68 method=org.gradle.api.tasks.util.internal.CachingPatternSpecFactory$CachingSpec.isSatisfiedBy(Lorg/gradle/api/file/FileTreeElement;)Z @ 5
Event: 161.784 Thread 0x0000000018f73800 Uncommon trap: reason=class_check action=maybe_recompile pc=0x00000000052f90e0 method=org.gradle.api.tasks.util.internal.CachingPatternSpecFactory$CachingSpec.isSatisfiedBy(Ljava/lang/Object;)Z @ 2
Event: 161.784 Thread 0x0000000018f73800 Uncommon trap: reason=class_check action=maybe_recompile pc=0x00000000052f7c68 method=org.gradle.api.tasks.util.internal.CachingPatternSpecFactory$CachingSpec.isSatisfiedBy(Lorg/gradle/api/file/FileTreeElement;)Z @ 5
Event: 161.786 Thread 0x0000000018f73800 Uncommon trap: reason=class_check action=maybe_recompile pc=0x000000000423cd48 method=java.util.zip.InflaterInputStream.read([BII)I @ 100
Event: 161.786 Thread 0x0000000018f73800 Uncommon trap: reason=class_check action=maybe_recompile pc=0x000000000423cd48 method=java.util.zip.InflaterInputStream.read([BII)I @ 100
Event: 161.786 Thread 0x0000000018f73800 Uncommon trap: reason=class_check action=maybe_recompile pc=0x00000000052ed994 method=org.gradle.api.tasks.util.internal.CachingPatternSpecFactory$CachingSpec.isSatisfiedBy(Ljava/lang/Object;)Z @ 2
Event: 161.919 Thread 0x0000000018f73800 Uncommon trap: reason=class_check action=maybe_recompile pc=0x000000000499bf0c method=java.util.HashMap.removeNode(ILjava/lang/Object;Ljava/lang/Object;ZZ)Ljava/util/HashMap$Node; @ 143
Event: 161.987 Thread 0x0000000018f73800 Uncommon trap: reason=class_check action=maybe_recompile pc=0x000000000499bf0c method=java.util.HashMap.removeNode(ILjava/lang/Object;Ljava/lang/Object;ZZ)Ljava/util/HashMap$Node; @ 143

Internal exceptions (10 events):
Event: 64.290 Thread 0x0000000018f73800 Exception <a 'sun/nio/fs/WindowsException'> (0x00000000e5750da0) thrown at [C:\src\android\AOSP-openjdk\external\jetbrains\jdk\hotspot\src\share\vm\prims\jni.cpp, line 709]
Event: 64.317 Thread 0x0000000018f73800 Exception <a 'java/lang/reflect/InvocationTargetException'> (0x00000000e5859ed0) thrown at [C:\src\android\AOSP-openjdk\external\jetbrains\jdk\hotspot\src\share\vm\runtime\reflection.cpp, line 1092]
Event: 122.611 Thread 0x0000000018f73800 Exception <a 'java/lang/ClassNotFoundException': asLocalRepo726_cgxgnzxh9o3q5j9cmd6jkql5oBeanInfo> (0x00000000e42d2f38) thrown at [C:\src\android\AOSP-openjdk\external\jetbrains\jdk\hotspot\src\share\vm\classfile\systemDictionary.cpp, line 210]
Event: 122.611 Thread 0x0000000018f73800 Exception <a 'java/lang/ClassNotFoundException': asLocalRepo726_cgxgnzxh9o3q5j9cmd6jkql5oCustomizer> (0x00000000e42dca98) thrown at [C:\src\android\AOSP-openjdk\external\jetbrains\jdk\hotspot\src\share\vm\classfile\systemDictionary.cpp, line 210]
Event: 123.044 Thread 0x0000000018f73800 Exception <a 'sun/nio/fs/WindowsException'> (0x00000000e90719a8) thrown at [C:\src\android\AOSP-openjdk\external\jetbrains\jdk\hotspot\src\share\vm\prims\jni.cpp, line 709]
Event: 158.200 Thread 0x0000000018f73800 Exception <a 'java/lang/ClassNotFoundException': asLocalRepo992_2jfbdfhg6633uwj7fcw7yle2fBeanInfo> (0x00000000ebfca8a8) thrown at [C:\src\android\AOSP-openjdk\external\jetbrains\jdk\hotspot\src\share\vm\classfile\systemDictionary.cpp, line 210]
Event: 158.202 Thread 0x0000000018f73800 Exception <a 'java/lang/ClassNotFoundException': asLocalRepo992_2jfbdfhg6633uwj7fcw7yle2fCustomizer> (0x00000000ebfd4408) thrown at [C:\src\android\AOSP-openjdk\external\jetbrains\jdk\hotspot\src\share\vm\classfile\systemDictionary.cpp, line 210]
Event: 158.638 Thread 0x0000000018f73800 Exception <a 'sun/nio/fs/WindowsException'> (0x00000000e05ef038) thrown at [C:\src\android\AOSP-openjdk\external\jetbrains\jdk\hotspot\src\share\vm\prims\jni.cpp, line 709]
Event: 161.698 Thread 0x0000000018f73800 Exception <a 'java/lang/ClassNotFoundException': com/android/build/gradle/internal/LibraryCache$1BeanInfo> (0x00000000e027f748) thrown at [C:\src\android\AOSP-openjdk\external\jetbrains\jdk\hotspot\src\share\vm\classfile\systemDictionary.cpp, line 210]
Event: 161.698 Thread 0x0000000018f73800 Exception <a 'java/lang/ClassNotFoundException': com/android/build/gradle/internal/LibraryCache$1Customizer> (0x00000000e028ffe0) thrown at [C:\src\android\AOSP-openjdk\external\jetbrains\jdk\hotspot\src\share\vm\classfile\systemDictionary.cpp, line 210]

Events (10 events):
Event: 161.787 Thread 0x0000000018f73800 DEOPT PACKING pc=0x00000000052ed994 sp=0x000000001a2cbcc0
Event: 161.787 Thread 0x0000000018f73800 DEOPT UNPACKING pc=0x000000000337556a sp=0x000000001a2cbc80 mode 2
Event: 161.788 loading class com/google/common/collect/AbstractMapBasedMultimap$KeySet$1
Event: 161.788 loading class com/google/common/collect/AbstractMapBasedMultimap$KeySet$1 done
Event: 161.919 Thread 0x0000000018f73800 Uncommon trap: trap_request=0xffffffde fr.pc=0x000000000499bf0c
Event: 161.919 Thread 0x0000000018f73800 DEOPT PACKING pc=0x000000000499bf0c sp=0x000000001a2cb910
Event: 161.919 Thread 0x0000000018f73800 DEOPT UNPACKING pc=0x000000000337556a sp=0x000000001a2cb880 mode 2
Event: 161.987 Thread 0x0000000018f73800 Uncommon trap: trap_request=0xffffffde fr.pc=0x000000000499bf0c
Event: 161.987 Thread 0x0000000018f73800 DEOPT PACKING pc=0x000000000499bf0c sp=0x000000001a2cb910
Event: 161.987 Thread 0x0000000018f73800 DEOPT UNPACKING pc=0x000000000337556a sp=0x000000001a2cb880 mode 2


Dynamic libraries:
0x00007ff78e5d0000 - 0x00007ff78e601000 	C:\Program Files\Android\Android Studio\jre\bin\java.exe
0x00007ff992620000 - 0x00007ff9927f1000 	C:\WINDOWS\SYSTEM32\ntdll.dll
0x00007ff990ad0000 - 0x00007ff990b7b000 	C:\WINDOWS\System32\KERNEL32.DLL
0x00007ff98ee40000 - 0x00007ff98f05d000 	C:\WINDOWS\System32\KERNELBASE.dll
0x00007ff990c50000 - 0x00007ff990cf2000 	C:\WINDOWS\System32\ADVAPI32.dll
0x00007ff9908c0000 - 0x00007ff99095e000 	C:\WINDOWS\System32\msvcrt.dll
0x00007ff990670000 - 0x00007ff9906c9000 	C:\WINDOWS\System32\sechost.dll
0x00007ff98fbc0000 - 0x00007ff98fce1000 	C:\WINDOWS\System32\RPCRT4.dll
0x00007ff992350000 - 0x00007ff9924b5000 	C:\WINDOWS\System32\USER32.dll
0x00007ff98fa20000 - 0x00007ff98fa3e000 	C:\WINDOWS\System32\win32u.dll
0x00007ff990be0000 - 0x00007ff990c14000 	C:\WINDOWS\System32\GDI32.dll
0x00007ff98ec60000 - 0x00007ff98ede2000 	C:\WINDOWS\System32\gdi32full.dll
0x00007ff9830e0000 - 0x00007ff983359000 	C:\WINDOWS\WinSxS\amd64_microsoft.windows.common-controls_6595b64144ccf1df_6.0.14393.447_none_42191651c6827bb3\COMCTL32.dll
0x00007ff990330000 - 0x00007ff9905f8000 	C:\WINDOWS\System32\combase.dll
0x00007ff98fab0000 - 0x00007ff98fba5000 	C:\WINDOWS\System32\ucrtbase.dll
0x00007ff98fa40000 - 0x00007ff98faaa000 	C:\WINDOWS\System32\bcryptPrimitives.dll
0x00007ff990c20000 - 0x00007ff990c4e000 	C:\WINDOWS\System32\IMM32.DLL
0x000000005e880000 - 0x000000005e952000 	C:\Program Files\Android\Android Studio\jre\jre\bin\msvcr100.dll
0x000000005db30000 - 0x000000005e364000 	C:\Program Files\Android\Android Studio\jre\jre\bin\server\jvm.dll
0x00007ff98fbb0000 - 0x00007ff98fbb8000 	C:\WINDOWS\System32\PSAPI.DLL
0x00007ff98c9a0000 - 0x00007ff98c9c3000 	C:\WINDOWS\SYSTEM32\WINMM.dll
0x00007ff981940000 - 0x00007ff981949000 	C:\WINDOWS\SYSTEM32\WSOCK32.dll
0x00007ff990850000 - 0x00007ff9908ba000 	C:\WINDOWS\System32\WS2_32.dll
0x00007ff983a60000 - 0x00007ff983a6a000 	C:\WINDOWS\SYSTEM32\VERSION.dll
0x00007ff98c940000 - 0x00007ff98c96b000 	C:\WINDOWS\SYSTEM32\WINMMBASE.dll
0x00007ff98edf0000 - 0x00007ff98ee32000 	C:\WINDOWS\System32\cfgmgr32.dll
0x00007ff983d50000 - 0x00007ff983d5f000 	C:\Program Files\Android\Android Studio\jre\jre\bin\verify.dll
0x00007ff9737d0000 - 0x00007ff9737f9000 	C:\Program Files\Android\Android Studio\jre\jre\bin\java.dll
0x00007ff97f030000 - 0x00007ff97f046000 	C:\Program Files\Android\Android Studio\jre\jre\bin\zip.dll
0x00007ff990d00000 - 0x00007ff992209000 	C:\WINDOWS\System32\SHELL32.dll
0x00007ff98f170000 - 0x00007ff98f84a000 	C:\WINDOWS\System32\windows.storage.dll
0x00007ff98ea80000 - 0x00007ff98eacc000 	C:\WINDOWS\System32\powrprof.dll
0x00007ff9907d0000 - 0x00007ff990822000 	C:\WINDOWS\System32\shlwapi.dll
0x00007ff98ead0000 - 0x00007ff98eadf000 	C:\WINDOWS\System32\kernel.appcore.dll
0x00007ff98eb10000 - 0x00007ff98ebb9000 	C:\WINDOWS\System32\shcore.dll
0x00007ff98eae0000 - 0x00007ff98eaf4000 	C:\WINDOWS\System32\profapi.dll
0x00007ff97ed40000 - 0x00007ff97ed5a000 	C:\Program Files\Android\Android Studio\jre\jre\bin\net.dll
0x00007ff98e320000 - 0x00007ff98e37c000 	C:\WINDOWS\system32\mswsock.dll
0x00007ff97eac0000 - 0x00007ff97ead1000 	C:\Program Files\Android\Android Studio\jre\jre\bin\nio.dll
0x00007ff97da80000 - 0x00007ff97da92000 	C:\Users\Xjr\.gradle\native\19\windows-amd64\native-platform.dll
0x00007ff98e4c0000 - 0x00007ff98e4d7000 	C:\WINDOWS\SYSTEM32\CRYPTSP.dll
0x00007ff98df30000 - 0x00007ff98df63000 	C:\WINDOWS\system32\rsaenh.dll
0x00007ff98e9c0000 - 0x00007ff98e9eb000 	C:\WINDOWS\SYSTEM32\bcrypt.dll
0x00007ff98e1b0000 - 0x00007ff98e1cf000 	C:\WINDOWS\SYSTEM32\USERENV.dll
0x00007ff98e4e0000 - 0x00007ff98e4eb000 	C:\WINDOWS\SYSTEM32\CRYPTBASE.dll
0x00007ff98e0b0000 - 0x00007ff98e0e8000 	C:\WINDOWS\SYSTEM32\IPHLPAPI.DLL
0x00007ff98fef0000 - 0x00007ff98fef8000 	C:\WINDOWS\System32\NSI.dll
0x00007ff987e80000 - 0x00007ff987e96000 	C:\WINDOWS\SYSTEM32\dhcpcsvc6.DLL
0x00007ff987e50000 - 0x00007ff987e6a000 	C:\WINDOWS\SYSTEM32\dhcpcsvc.DLL
0x00007ff983570000 - 0x00007ff98357d000 	C:\Program Files\Android\Android Studio\jre\jre\bin\management.dll

VM Arguments:
jvm_args: -Xmx1536m -Dfile.encoding=GBK -Duser.country=CN -Duser.language=zh -Duser.variant 
java_command: org.gradle.launcher.daemon.bootstrap.GradleDaemon 2.14.1
java_class_path (initial): C:\Users\Xjr\.gradle\wrapper\dists\gradle-2.14.1-all\8bnwg5hd3w55iofp58khbp6yv\gradle-2.14.1\lib\gradle-launcher-2.14.1.jar
Launcher Type: SUN_STANDARD

Environment Variables:
JAVA_HOME=C:\Program Files\Java\jdk1.8.0_31
CLASSPATH=.;C:\Program Files\Java\jdk1.8.0_31\lib;C:\Program Files\Java\jdk1.8.0_31\lib\tools.jar;C:\Cocos\tools\ant\lib
PATH=C:\ProgramData\Oracle\Java\javapath;C:\Program Files (x86)\Common Files\NetSarang;C:\WINDOWS\system32;C:\WINDOWS;C:\WINDOWS\System32\Wbem;C:\WINDOWS\System32\WindowsPowerShell\v1.0\;C:\WINDOWS\system32\config\systemprofile\.dnx\bin;C:\Program Files\Java\jdk1.8.0_31\bin;C:\Program Files\Java\jdk1.8.0_31\jre\bin;C:\Program Files\Microsoft DNX\Dnvm\;C:\Program Files\Microsoft SQL Server\130\Tools\Binn\;C:\Program Files (x86)\Windows Kits\8.1\Windows Performance Toolkit\;C:\Python27;C:\Users\Xjr\AppData\Local\Android\sdk\tools;C:\Users\Xjr\AppData\Local\Android\sdk\platform-tools;C:\android-ndk-r9d;C:\Cocos\tools\ant\bin;C:\Cocos\Cocos2d-x\cocos2d-x-3.10;C:\Cocos\Cocos2d-x\cocos2d-x-3.10\tools\cocos2d-console\bin;C:\Program Files (x86)\GtkSharp\2.12\bin;C:\Program Files\nodejs\;C:\Cocos\Cocos2d-x\cocos2d-x-3.10\templates;C:\Cocos\Cocos2d-x\cocos2d-x-3.10\tools\cocos2d-console\bin;C:\Cocos\Cocos2d-x;Cocos\Cocos2d-x\Cocos2d-x-3.10\tools\cocos2d-console\bin;cocos2d-x-3.14.1\templates;C:\Users\Xjr\AppData\Local\Microsoft\WindowsApps;C:\Users\Xjr\AppData\Roaming\npm
USERNAME=Xjr
OS=Windows_NT
PROCESSOR_IDENTIFIER=Intel64 Family 6 Model 60 Stepping 3, GenuineIntel



---------------  S Y S T E M  ---------------

OS: Windows 10.0 , 64 bit Build 14393 (10.0.14393.0)

CPU:total 2 (2 cores per cpu, 1 threads per core) family 6 model 60 stepping 3, cmov, cx8, fxsr, mmx, sse, sse2, sse3, ssse3, sse4.1, sse4.2, popcnt, clmul, erms, lzcnt, tsc, tscinvbit

Memory: 4k page, physical 6159896k(1580964k free), swap 8038076k(4928k free)

vm_info: OpenJDK 64-Bit Server VM (25.76-b03) for windows-amd64 JRE (1.8.0_76-release-b03), built on Jun 29 2016 19:09:20 by "ralucas" with MS VC++ 10.0 (VS2010)

time: Tue Jun 27 15:46:34 2017
elapsed time: 162 seconds (0d 0h 2m 42s)

