#
# There is insufficient memory for the Java Runtime Environment to continue.
# Native memory allocation (malloc) failed to allocate 32744 bytes for ChunkPool::allocate
# Possible reasons:
#   The system is out of physical RAM or swap space
#   In 32 bit mode, the process size limit was hit
# Possible solutions:
#   Reduce memory load on the system
#   Increase physical memory or swap space
#   Check if swap backing store is full
#   Use 64 bit Java on a 64 bit OS
#   Decrease Java heap size (-Xmx/-Xms)
#   Decrease number of Java threads
#   Decrease Java thread stack sizes (-Xss)
#   Set larger code cache with -XX:ReservedCodeCacheSize=
# This output file may be truncated or incomplete.
#
#  Out of Memory Error (allocation.cpp:273), pid=11928, tid=0x0000000000001344
#
# JRE version: OpenJDK Runtime Environment (8.0_76-b03) (build 1.8.0_76-release-b03)
# Java VM: OpenJDK 64-Bit Server VM (25.76-b03 mixed mode windows-amd64 compressed oops)
# Failed to write core dump. Minidumps are not enabled by default on client versions of Windows
#

---------------  T H R E A D  ---------------

Current thread (0x0000000016038800):  JavaThread "C2 CompilerThread0" daemon [_thread_in_native, id=4932, stack(0x0000000016f60000,0x0000000017060000)]

Stack: [0x0000000016f60000,0x0000000017060000]
[error occurred during error reporting (printing stack bounds), id 0xc0000005]

Native frames: (J=compiled Java code, j=interpreted, Vv=VM code, C=native code)


Current CompileTask:
C2:  28327 9511       4       com.sun.tools.javac.code.Types$18::visitClassType (130 bytes)


---------------  P R O C E S S  ---------------

Java Threads: ( => current thread )
  0x0000000018cd0000 JavaThread "pool-3-thread-2" [_thread_blocked, id=9652, stack(0x000000001f240000,0x000000001f340000)]
  0x0000000018cd1000 JavaThread "pool-3-thread-1" [_thread_blocked, id=5340, stack(0x000000001f140000,0x000000001f240000)]
  0x0000000018cd2800 JavaThread "pool-2-thread-1" [_thread_blocked, id=8000, stack(0x000000001dd90000,0x000000001de90000)]
  0x000000001a50a800 JavaThread "File lock request listener" [_thread_in_native, id=11576, stack(0x000000001b300000,0x000000001b400000)]
  0x0000000018441800 JavaThread "Stdin handler" [_thread_blocked, id=11312, stack(0x0000000019a30000,0x0000000019b30000)]
  0x000000001843f800 JavaThread "Asynchronous log dispatcher for org.gradle.launcher.daemon.server.DefaultDaemonConnection@b578a6c" [_thread_blocked, id=3512, stack(0x0000000019930000,0x0000000019a30000)]
  0x0000000018355800 JavaThread "Daemon worker" [_thread_in_vm, id=2064, stack(0x0000000019630000,0x0000000019730000)]
  0x000000001834e000 JavaThread "Cancel handler" [_thread_blocked, id=10448, stack(0x0000000019530000,0x0000000019630000)]
  0x0000000018103000 JavaThread "Handler for socket connection from /127.0.0.1:62167 to /127.0.0.1:62168" [_thread_in_native, id=8172, stack(0x0000000019430000,0x0000000019530000)]
  0x0000000018101800 JavaThread "Daemon" [_thread_blocked, id=8376, stack(0x0000000019330000,0x0000000019430000)]
  0x0000000017e44000 JavaThread "pool-1-thread-1" [_thread_blocked, id=856, stack(0x0000000019230000,0x0000000019330000)]
  0x0000000017eff800 JavaThread "Incoming local TCP Connector on port 62167" [_thread_in_native, id=4008, stack(0x0000000018f30000,0x0000000019030000)]
  0x000000001718a800 JavaThread "Service Thread" daemon [_thread_blocked, id=6624, stack(0x0000000017560000,0x0000000017660000)]
  0x0000000016089000 JavaThread "C1 CompilerThread1" daemon [_thread_blocked, id=9796, stack(0x0000000017060000,0x0000000017160000)]
=>0x0000000016038800 JavaThread "C2 CompilerThread0" daemon [_thread_in_native, id=4932, stack(0x0000000016f60000,0x0000000017060000)]
  0x0000000016085800 JavaThread "Attach Listener" daemon [_thread_blocked, id=7900, stack(0x0000000016e60000,0x0000000016f60000)]
  0x0000000016084800 JavaThread "Signal Dispatcher" daemon [_thread_blocked, id=4340, stack(0x0000000016d60000,0x0000000016e60000)]
  0x000000001600d000 JavaThread "Finalizer" daemon [_thread_blocked, id=648, stack(0x0000000016c60000,0x0000000016d60000)]
  0x0000000015fe4800 JavaThread "Reference Handler" daemon [_thread_blocked, id=9616, stack(0x0000000016b60000,0x0000000016c60000)]
  0x0000000002802800 JavaThread "main" [_thread_blocked, id=7280, stack(0x0000000002700000,0x0000000002800000)]

Other Threads:
  0x0000000015fdb000 VMThread [stack: 0x0000000016a60000,0x0000000016b60000] [id=6472]
  0x00000000171bc800 WatcherThread [stack: 0x0000000017660000,0x0000000017760000] [id=8792]

VM state:not at safepoint (normal execution)

VM Mutex/Monitor currently owned by a thread: None

Heap:
 PSYoungGen      total 243200K, used 7441K [0x00000000e0000000, 0x00000000f3b00000, 0x0000000100000000)
  eden space 221696K, 3% used [0x00000000e0000000,0x00000000e0744620,0x00000000ed880000)
  from space 21504K, 0% used [0x00000000ed880000,0x00000000ed880000,0x00000000eed80000)
  to   space 26624K, 0% used [0x00000000f2100000,0x00000000f2100000,0x00000000f3b00000)
 ParOldGen       total 155648K, used 48320K [0x00000000a0000000, 0x00000000a9800000, 0x00000000e0000000)
  object space 155648K, 31% used [0x00000000a0000000,0x00000000a2f302c8,0x00000000a9800000)
 Metaspace       used 58018K, capacity 59522K, committed 59648K, reserved 1101824K
  class space    used 7522K, capacity 7865K, committed 7936K, reserved 1048576K

Card table byte_map: [0x0000000011cc0000,0x0000000011fd0000] byte_map_base: 0x00000000117c0000

Marking Bits: (ParMarkBitMap*) 0x000000005e2e9d00
 Begin Bits: [0x00000000123d0000, 0x0000000013bd0000)
 End Bits:   [0x0000000013bd0000, 0x00000000153d0000)

Polling page: 0x00000000003c0000

CodeCache: size=245760Kb used=25154Kb max_used=25154Kb free=220605Kb
 bounds [0x0000000002900000, 0x00000000041b0000, 0x0000000011900000]
 total_blobs=8972 nmethods=8238 adapters=646
 compilation: enabled

Compilation events (10 events):
Event: 28.307 Thread 0x0000000016089000 nmethod 9506 0x000000000419b0d0 code [0x000000000419b260, 0x000000000419b6d8]
Event: 28.307 Thread 0x0000000016089000 9507       3       com.sun.tools.javac.comp.TransTypes::visitIdent (125 bytes)
Event: 28.308 Thread 0x0000000016089000 nmethod 9507 0x0000000004199990 code [0x0000000004199be0, 0x000000000419aa18]
Event: 28.308 Thread 0x0000000016089000 9508       3       com.sun.tools.javac.comp.TransTypes::addBridgeIfNeeded (491 bytes)
Event: 28.310 Thread 0x0000000016089000 nmethod 9508 0x000000000419c2d0 code [0x000000000419c700, 0x000000000419f6e8]
Event: 28.310 Thread 0x0000000016089000 9509       3       com.sun.tools.javac.code.Types$SameTypeVisitor::visitMethodType (42 bytes)
Event: 28.311 Thread 0x0000000016089000 nmethod 9509 0x00000000041a0ad0 code [0x00000000041a0cc0, 0x00000000041a1888]
Event: 28.311 Thread 0x0000000016038800 9510       4       com.sun.tools.javac.code.Types$18::visitClassType (10 bytes)
Event: 28.311 Thread 0x0000000016038800 nmethod 9510 0x00000000041996d0 code [0x0000000004199820, 0x00000000041998c8]
Event: 28.311 Thread 0x0000000016038800 9511       4       com.sun.tools.javac.code.Types$18::visitClassType (130 bytes)

GC Heap History (10 events):
Event: 7.337 GC heap before
{Heap before GC invocations=10 (full 2):
 PSYoungGen      total 144896K, used 132608K [0x00000000e0000000, 0x00000000ecd80000, 0x0000000100000000)
  eden space 132608K, 100% used [0x00000000e0000000,0x00000000e8180000,0x00000000e8180000)
  from space 12288K, 0% used [0x00000000e8180000,0x00000000e8180000,0x00000000e8d80000)
  to   space 11776K, 0% used [0x00000000ec200000,0x00000000ec200000,0x00000000ecd80000)
 ParOldGen       total 85504K, used 15511K [0x00000000a0000000, 0x00000000a5380000, 0x00000000e0000000)
  object space 85504K, 18% used [0x00000000a0000000,0x00000000a0f25c70,0x00000000a5380000)
 Metaspace       used 43493K, capacity 44328K, committed 44672K, reserved 1087488K
  class space    used 5752K, capacity 5980K, committed 6016K, reserved 1048576K
Event: 7.355 GC heap after
Heap after GC invocations=10 (full 2):
 PSYoungGen      total 196608K, used 11208K [0x00000000e0000000, 0x00000000ece80000, 0x0000000100000000)
  eden space 184832K, 0% used [0x00000000e0000000,0x00000000e0000000,0x00000000eb480000)
  from space 11776K, 95% used [0x00000000ec200000,0x00000000eccf2288,0x00000000ecd80000)
  to   space 13312K, 0% used [0x00000000eb480000,0x00000000eb480000,0x00000000ec180000)
 ParOldGen       total 85504K, used 15519K [0x00000000a0000000, 0x00000000a5380000, 0x00000000e0000000)
  object space 85504K, 18% used [0x00000000a0000000,0x00000000a0f27c70,0x00000000a5380000)
 Metaspace       used 43493K, capacity 44328K, committed 44672K, reserved 1087488K
  class space    used 5752K, capacity 5980K, committed 6016K, reserved 1048576K
}
Event: 11.475 GC heap before
{Heap before GC invocations=11 (full 2):
 PSYoungGen      total 196608K, used 196040K [0x00000000e0000000, 0x00000000ece80000, 0x0000000100000000)
  eden space 184832K, 100% used [0x00000000e0000000,0x00000000eb480000,0x00000000eb480000)
  from space 11776K, 95% used [0x00000000ec200000,0x00000000eccf2288,0x00000000ecd80000)
  to   space 13312K, 0% used [0x00000000eb480000,0x00000000eb480000,0x00000000ec180000)
 ParOldGen       total 85504K, used 15519K [0x00000000a0000000, 0x00000000a5380000, 0x00000000e0000000)
  object space 85504K, 18% used [0x00000000a0000000,0x00000000a0f27c70,0x00000000a5380000)
 Metaspace       used 51012K, capacity 52318K, committed 52608K, reserved 1095680K
  class space    used 6721K, capacity 7025K, committed 7040K, reserved 1048576K
Event: 11.506 GC heap after
Heap after GC invocations=11 (full 2):
 PSYoungGen      total 198144K, used 13298K [0x00000000e0000000, 0x00000000f0200000, 0x0000000100000000)
  eden space 184832K, 0% used [0x00000000e0000000,0x00000000e0000000,0x00000000eb480000)
  from space 13312K, 99% used [0x00000000eb480000,0x00000000ec17c8e0,0x00000000ec180000)
  to   space 19968K, 0% used [0x00000000eee80000,0x00000000eee80000,0x00000000f0200000)
 ParOldGen       total 85504K, used 28784K [0x00000000a0000000, 0x00000000a5380000, 0x00000000e0000000)
  object space 85504K, 33% used [0x00000000a0000000,0x00000000a1c1c1e8,0x00000000a5380000)
 Metaspace       used 51012K, capacity 52318K, committed 52608K, reserved 1095680K
  class space    used 6721K, capacity 7025K, committed 7040K, reserved 1048576K
}
Event: 14.905 GC heap before
{Heap before GC invocations=12 (full 2):
 PSYoungGen      total 198144K, used 198130K [0x00000000e0000000, 0x00000000f0200000, 0x0000000100000000)
  eden space 184832K, 100% used [0x00000000e0000000,0x00000000eb480000,0x00000000eb480000)
  from space 13312K, 99% used [0x00000000eb480000,0x00000000ec17c8e0,0x00000000ec180000)
  to   space 19968K, 0% used [0x00000000eee80000,0x00000000eee80000,0x00000000f0200000)
 ParOldGen       total 85504K, used 28784K [0x00000000a0000000, 0x00000000a5380000, 0x00000000e0000000)
  object space 85504K, 33% used [0x00000000a0000000,0x00000000a1c1c1e8,0x00000000a5380000)
 Metaspace       used 51419K, capacity 52792K, committed 52992K, reserved 1095680K
  class space    used 6753K, capacity 7070K, committed 7168K, reserved 1048576K
Event: 14.938 GC heap after
Heap after GC invocations=12 (full 2):
 PSYoungGen      total 241664K, used 15818K [0x00000000e0000000, 0x00000000f0280000, 0x0000000100000000)
  eden space 221696K, 0% used [0x00000000e0000000,0x00000000e0000000,0x00000000ed880000)
  from space 19968K, 79% used [0x00000000eee80000,0x00000000efdf2848,0x00000000f0200000)
  to   space 21504K, 0% used [0x00000000ed880000,0x00000000ed880000,0x00000000eed80000)
 ParOldGen       total 85504K, used 28792K [0x00000000a0000000, 0x00000000a5380000, 0x00000000e0000000)
  object space 85504K, 33% used [0x00000000a0000000,0x00000000a1c1e1e8,0x00000000a5380000)
 Metaspace       used 51419K, capacity 52792K, committed 52992K, reserved 1095680K
  class space    used 6753K, capacity 7070K, committed 7168K, reserved 1048576K
}
Event: 21.035 GC heap before
{Heap before GC invocations=13 (full 2):
 PSYoungGen      total 241664K, used 219980K [0x00000000e0000000, 0x00000000f0280000, 0x0000000100000000)
  eden space 221696K, 92% used [0x00000000e0000000,0x00000000ec760a60,0x00000000ed880000)
  from space 19968K, 79% used [0x00000000eee80000,0x00000000efdf2848,0x00000000f0200000)
  to   space 21504K, 0% used [0x00000000ed880000,0x00000000ed880000,0x00000000eed80000)
 ParOldGen       total 85504K, used 28792K [0x00000000a0000000, 0x00000000a5380000, 0x00000000e0000000)
  object space 85504K, 33% used [0x00000000a0000000,0x00000000a1c1e1e8,0x00000000a5380000)
 Metaspace       used 57484K, capacity 59004K, committed 59136K, reserved 1099776K
  class space    used 7489K, capacity 7838K, committed 7936K, reserved 1048576K
Event: 21.168 GC heap after
Heap after GC invocations=13 (full 2):
 PSYoungGen      total 243200K, used 21499K [0x00000000e0000000, 0x00000000f3b00000, 0x0000000100000000)
  eden space 221696K, 0% used [0x00000000e0000000,0x00000000e0000000,0x00000000ed880000)
  from space 21504K, 99% used [0x00000000ed880000,0x00000000eed7ecc8,0x00000000eed80000)
  to   space 26624K, 0% used [0x00000000f2100000,0x00000000f2100000,0x00000000f3b00000)
 ParOldGen       total 85504K, used 35572K [0x00000000a0000000, 0x00000000a5380000, 0x00000000e0000000)
  object space 85504K, 41% used [0x00000000a0000000,0x00000000a22bd160,0x00000000a5380000)
 Metaspace       used 57484K, capacity 59004K, committed 59136K, reserved 1099776K
  class space    used 7489K, capacity 7838K, committed 7936K, reserved 1048576K
}
Event: 21.168 GC heap before
{Heap before GC invocations=14 (full 3):
 PSYoungGen      total 243200K, used 21499K [0x00000000e0000000, 0x00000000f3b00000, 0x0000000100000000)
  eden space 221696K, 0% used [0x00000000e0000000,0x00000000e0000000,0x00000000ed880000)
  from space 21504K, 99% used [0x00000000ed880000,0x00000000eed7ecc8,0x00000000eed80000)
  to   space 26624K, 0% used [0x00000000f2100000,0x00000000f2100000,0x00000000f3b00000)
 ParOldGen       total 85504K, used 35572K [0x00000000a0000000, 0x00000000a5380000, 0x00000000e0000000)
  object space 85504K, 41% used [0x00000000a0000000,0x00000000a22bd160,0x00000000a5380000)
 Metaspace       used 57484K, capacity 59004K, committed 59136K, reserved 1099776K
  class space    used 7489K, capacity 7838K, committed 7936K, reserved 1048576K
Event: 25.792 GC heap after
Heap after GC invocations=14 (full 3):
 PSYoungGen      total 243200K, used 0K [0x00000000e0000000, 0x00000000f3b00000, 0x0000000100000000)
  eden space 221696K, 0% used [0x00000000e0000000,0x00000000e0000000,0x00000000ed880000)
  from space 21504K, 0% used [0x00000000ed880000,0x00000000ed880000,0x00000000eed80000)
  to   space 26624K, 0% used [0x00000000f2100000,0x00000000f2100000,0x00000000f3b00000)
 ParOldGen       total 155648K, used 48320K [0x00000000a0000000, 0x00000000a9800000, 0x00000000e0000000)
  object space 155648K, 31% used [0x00000000a0000000,0x00000000a2f302c8,0x00000000a9800000)
 Metaspace       used 57475K, capacity 58978K, committed 59136K, reserved 1099776K
  class space    used 7486K, capacity 7833K, committed 7936K, reserved 1048576K
}

Deoptimization events (10 events):
Event: 20.660 Thread 0x0000000018355800 Uncommon trap: reason=unstable_if action=reinterpret pc=0x0000000003f05214 method=com.sun.tools.javac.parser.UnicodeReader.scanChar()V @ 37
Event: 20.771 Thread 0x0000000018355800 Uncommon trap: reason=bimorphic action=maybe_recompile pc=0x00000000031f3700 method=java.util.Collections.indexedBinarySearch(Ljava/util/List;Ljava/lang/Object;)I @ 39
Event: 20.779 Thread 0x0000000018355800 Uncommon trap: reason=bimorphic action=maybe_recompile pc=0x00000000031f3700 method=java.util.Collections.indexedBinarySearch(Ljava/util/List;Ljava/lang/Object;)I @ 39
Event: 20.779 Thread 0x0000000018355800 Uncommon trap: reason=bimorphic action=maybe_recompile pc=0x00000000031f3700 method=java.util.Collections.indexedBinarySearch(Ljava/util/List;Ljava/lang/Object;)I @ 39
Event: 20.779 Thread 0x0000000018355800 Uncommon trap: reason=bimorphic action=maybe_recompile pc=0x00000000031f3700 method=java.util.Collections.indexedBinarySearch(Ljava/util/List;Ljava/lang/Object;)I @ 39
Event: 25.922 Thread 0x000000001600d000 Uncommon trap: reason=unstable_if action=reinterpret pc=0x00000000033e1740 method=java.util.HashMap$HashIterator.<init>(Ljava/util/HashMap;)V @ 45
Event: 25.967 Thread 0x0000000018355800 Uncommon trap: reason=null_check action=make_not_entrant pc=0x000000000409199c method=com.sun.tools.javac.util.UnsharedNameTable.fromUtf([BII)Lcom/sun/tools/javac/util/Name; @ 50
Event: 26.393 Thread 0x0000000018355800 Uncommon trap: reason=unstable_if action=reinterpret pc=0x0000000002bb9398 method=com.sun.tools.javac.code.Symbol$ClassSymbol.flags()J @ 4
Event: 28.259 Thread 0x0000000018355800 Uncommon trap: reason=unstable_if action=reinterpret pc=0x0000000004090dd8 method=com.sun.tools.javac.util.Convert.chars2utf([CI[BII)I @ 35
Event: 28.259 Thread 0x0000000018355800 Uncommon trap: reason=unstable_if action=reinterpret pc=0x0000000003fdab0c method=com.sun.tools.javac.util.Convert.chars2utf([CI[BII)I @ 35

Internal exceptions (10 events):
Event: 8.671 Thread 0x0000000018355800 Exception <a 'java/lang/NoSuchMethodError': <clinit>> (0x00000000e544a6d0) thrown at [C:\src\android\AOSP-openjdk\external\jetbrains\jdk\hotspot\src\share\vm\prims\jni.cpp, line 1591]
Event: 8.671 Thread 0x0000000018355800 Exception <a 'java/lang/NoSuchMethodError': <clinit>> (0x00000000e544bbe8) thrown at [C:\src\android\AOSP-openjdk\external\jetbrains\jdk\hotspot\src\share\vm\prims\jni.cpp, line 1591]
Event: 8.893 Thread 0x0000000018355800 Exception <a 'java/lang/ClassNotFoundException': com/android/build/gradle/internal/LibraryCache$1BeanInfo> (0x00000000e5639640) thrown at [C:\src\android\AOSP-openjdk\external\jetbrains\jdk\hotspot\src\share\vm\classfile\systemDictionary.cpp, line 210]
Event: 8.893 Thread 0x0000000018355800 Exception <a 'java/lang/ClassNotFoundException': com/android/build/gradle/internal/LibraryCache$1Customizer> (0x00000000e5649ed8) thrown at [C:\src\android\AOSP-openjdk\external\jetbrains\jdk\hotspot\src\share\vm\classfile\systemDictionary.cpp, line 210]
Event: 11.577 Thread 0x0000000018355800 Implicit null exception at 0x000000000320fc17 to 0x000000000320fd53
Event: 15.831 Thread 0x0000000018355800 Implicit null exception at 0x0000000003e194d5 to 0x0000000003e18621
Event: 15.832 Thread 0x0000000018355800 Implicit null exception at 0x0000000003e194d5 to 0x0000000003e18621
Event: 15.840 Thread 0x0000000018355800 Implicit null exception at 0x0000000003e194d5 to 0x0000000003e18621
Event: 20.300 Thread 0x0000000018355800 Implicit null exception at 0x00000000039a79f8 to 0x00000000039aa269
Event: 25.967 Thread 0x0000000018355800 Implicit null exception at 0x000000000409151a to 0x0000000004091961

Events (10 events):
Event: 26.853 loading class com/sun/tools/javac/comp/Lower$BasicFreeVarCollector
Event: 26.853 loading class com/sun/tools/javac/comp/Lower$BasicFreeVarCollector done
Event: 28.259 Thread 0x0000000018355800 Uncommon trap: trap_request=0xffffff65 fr.pc=0x0000000004090dd8
Event: 28.259 Thread 0x0000000018355800 DEOPT PACKING pc=0x0000000004090dd8 sp=0x000000001972be60
Event: 28.259 Thread 0x0000000018355800 DEOPT UNPACKING pc=0x000000000294556a sp=0x000000001972bd58 mode 2
Event: 28.259 Thread 0x0000000018355800 Uncommon trap: trap_request=0xffffff65 fr.pc=0x0000000003fdab0c
Event: 28.259 Thread 0x0000000018355800 DEOPT PACKING pc=0x0000000003fdab0c sp=0x000000001972bdb0
Event: 28.259 Thread 0x0000000018355800 DEOPT UNPACKING pc=0x000000000294556a sp=0x000000001972bd40 mode 2
Event: 28.302 loading class com/sun/tools/javac/code/Types$MembersClosureCache$MembersScope$1
Event: 28.302 loading class com/sun/tools/javac/code/Types$MembersClosureCache$MembersScope$1 done


Dynamic libraries:
0x00007ff78e5d0000 - 0x00007ff78e601000 	C:\Program Files\Android\Android Studio\jre\bin\java.exe
0x00007ff992620000 - 0x00007ff9927f1000 	C:\WINDOWS\SYSTEM32\ntdll.dll
0x00007ff990ad0000 - 0x00007ff990b7b000 	C:\WINDOWS\System32\KERNEL32.DLL
0x00007ff98ee40000 - 0x00007ff98f05d000 	C:\WINDOWS\System32\KERNELBASE.dll
0x00007ff990c50000 - 0x00007ff990cf2000 	C:\WINDOWS\System32\ADVAPI32.dll
0x00007ff9908c0000 - 0x00007ff99095e000 	C:\WINDOWS\System32\msvcrt.dll
0x00007ff990670000 - 0x00007ff9906c9000 	C:\WINDOWS\System32\sechost.dll
0x00007ff98fbc0000 - 0x00007ff98fce1000 	C:\WINDOWS\System32\RPCRT4.dll
0x00007ff992350000 - 0x00007ff9924b5000 	C:\WINDOWS\System32\USER32.dll
0x00007ff98fa20000 - 0x00007ff98fa3e000 	C:\WINDOWS\System32\win32u.dll
0x00007ff990be0000 - 0x00007ff990c14000 	C:\WINDOWS\System32\GDI32.dll
0x00007ff98ec60000 - 0x00007ff98ede2000 	C:\WINDOWS\System32\gdi32full.dll
0x00007ff9830e0000 - 0x00007ff983359000 	C:\WINDOWS\WinSxS\amd64_microsoft.windows.common-controls_6595b64144ccf1df_6.0.14393.447_none_42191651c6827bb3\COMCTL32.dll
0x00007ff990330000 - 0x00007ff9905f8000 	C:\WINDOWS\System32\combase.dll
0x00007ff98fab0000 - 0x00007ff98fba5000 	C:\WINDOWS\System32\ucrtbase.dll
0x00007ff98fa40000 - 0x00007ff98faaa000 	C:\WINDOWS\System32\bcryptPrimitives.dll
0x00007ff990c20000 - 0x00007ff990c4e000 	C:\WINDOWS\System32\IMM32.DLL
0x000000005e880000 - 0x000000005e952000 	C:\Program Files\Android\Android Studio\jre\jre\bin\msvcr100.dll
0x000000005db30000 - 0x000000005e364000 	C:\Program Files\Android\Android Studio\jre\jre\bin\server\jvm.dll
0x00007ff98fbb0000 - 0x00007ff98fbb8000 	C:\WINDOWS\System32\PSAPI.DLL
0x00007ff981940000 - 0x00007ff981949000 	C:\WINDOWS\SYSTEM32\WSOCK32.dll
0x00007ff990850000 - 0x00007ff9908ba000 	C:\WINDOWS\System32\WS2_32.dll
0x00007ff98c9a0000 - 0x00007ff98c9c3000 	C:\WINDOWS\SYSTEM32\WINMM.dll
0x00007ff983a60000 - 0x00007ff983a6a000 	C:\WINDOWS\SYSTEM32\VERSION.dll
0x00007ff98c940000 - 0x00007ff98c96b000 	C:\WINDOWS\SYSTEM32\WINMMBASE.dll
0x00007ff98edf0000 - 0x00007ff98ee32000 	C:\WINDOWS\System32\cfgmgr32.dll
0x00007ff983d50000 - 0x00007ff983d5f000 	C:\Program Files\Android\Android Studio\jre\jre\bin\verify.dll
0x00007ff9737d0000 - 0x00007ff9737f9000 	C:\Program Files\Android\Android Studio\jre\jre\bin\java.dll
0x00007ff97f030000 - 0x00007ff97f046000 	C:\Program Files\Android\Android Studio\jre\jre\bin\zip.dll
0x00007ff990d00000 - 0x00007ff992209000 	C:\WINDOWS\System32\SHELL32.dll
0x00007ff98f170000 - 0x00007ff98f84a000 	C:\WINDOWS\System32\windows.storage.dll
0x00007ff98ea80000 - 0x00007ff98eacc000 	C:\WINDOWS\System32\powrprof.dll
0x00007ff9907d0000 - 0x00007ff990822000 	C:\WINDOWS\System32\shlwapi.dll
0x00007ff98ead0000 - 0x00007ff98eadf000 	C:\WINDOWS\System32\kernel.appcore.dll
0x00007ff98eb10000 - 0x00007ff98ebb9000 	C:\WINDOWS\System32\shcore.dll
0x00007ff98eae0000 - 0x00007ff98eaf4000 	C:\WINDOWS\System32\profapi.dll
0x00007ff97ed40000 - 0x00007ff97ed5a000 	C:\Program Files\Android\Android Studio\jre\jre\bin\net.dll
0x00007ff98e320000 - 0x00007ff98e37c000 	C:\WINDOWS\system32\mswsock.dll
0x00007ff97eac0000 - 0x00007ff97ead1000 	C:\Program Files\Android\Android Studio\jre\jre\bin\nio.dll
0x00007ff97da80000 - 0x00007ff97da92000 	C:\Users\Xjr\.gradle\native\19\windows-amd64\native-platform.dll
0x00007ff98e4c0000 - 0x00007ff98e4d7000 	C:\WINDOWS\SYSTEM32\CRYPTSP.dll
0x00007ff98df30000 - 0x00007ff98df63000 	C:\WINDOWS\system32\rsaenh.dll
0x00007ff98e9c0000 - 0x00007ff98e9eb000 	C:\WINDOWS\SYSTEM32\bcrypt.dll
0x00007ff98e1b0000 - 0x00007ff98e1cf000 	C:\WINDOWS\SYSTEM32\USERENV.dll
0x00007ff98e4e0000 - 0x00007ff98e4eb000 	C:\WINDOWS\SYSTEM32\CRYPTBASE.dll
0x00007ff98e0b0000 - 0x00007ff98e0e8000 	C:\WINDOWS\SYSTEM32\IPHLPAPI.DLL
0x00007ff98fef0000 - 0x00007ff98fef8000 	C:\WINDOWS\System32\NSI.dll
0x00007ff987e80000 - 0x00007ff987e96000 	C:\WINDOWS\SYSTEM32\dhcpcsvc6.DLL
0x00007ff987e50000 - 0x00007ff987e6a000 	C:\WINDOWS\SYSTEM32\dhcpcsvc.DLL
0x00007ff983570000 - 0x00007ff98357d000 	C:\Program Files\Android\Android Studio\jre\jre\bin\management.dll

VM Arguments:
jvm_args: -Xmx1536m -Dfile.encoding=GBK -Duser.country=CN -Duser.language=zh -Duser.variant 
java_command: org.gradle.launcher.daemon.bootstrap.GradleDaemon 2.14.1
java_class_path (initial): C:\Users\Xjr\.gradle\wrapper\dists\gradle-2.14.1-all\8bnwg5hd3w55iofp58khbp6yv\gradle-2.14.1\lib\gradle-launcher-2.14.1.jar
Launcher Type: SUN_STANDARD

Environment Variables:
JAVA_HOME=C:\Program Files\Java\jdk1.8.0_31
CLASSPATH=.;C:\Program Files\Java\jdk1.8.0_31\lib;C:\Program Files\Java\jdk1.8.0_31\lib\tools.jar;C:\Cocos\tools\ant\lib
PATH=C:\ProgramData\Oracle\Java\javapath;C:\Program Files (x86)\Common Files\NetSarang;C:\WINDOWS\system32;C:\WINDOWS;C:\WINDOWS\System32\Wbem;C:\WINDOWS\System32\WindowsPowerShell\v1.0\;C:\WINDOWS\system32\config\systemprofile\.dnx\bin;C:\Program Files\Java\jdk1.8.0_31\bin;C:\Program Files\Java\jdk1.8.0_31\jre\bin;C:\Program Files\Microsoft DNX\Dnvm\;C:\Program Files\Microsoft SQL Server\130\Tools\Binn\;C:\Program Files (x86)\Windows Kits\8.1\Windows Performance Toolkit\;C:\Python27;C:\Users\Xjr\AppData\Local\Android\sdk\tools;C:\Users\Xjr\AppData\Local\Android\sdk\platform-tools;C:\android-ndk-r9d;C:\Cocos\tools\ant\bin;C:\Cocos\Cocos2d-x\cocos2d-x-3.10;C:\Cocos\Cocos2d-x\cocos2d-x-3.10\tools\cocos2d-console\bin;C:\Program Files (x86)\GtkSharp\2.12\bin;C:\Program Files\nodejs\;C:\Cocos\Cocos2d-x\cocos2d-x-3.10\templates;C:\Cocos\Cocos2d-x\cocos2d-x-3.10\tools\cocos2d-console\bin;C:\Cocos\Cocos2d-x;Cocos\Cocos2d-x\Cocos2d-x-3.10\tools\cocos2d-console\bin;cocos2d-x-3.14.1\templates;C:\Users\Xjr\AppData\Local\Microsoft\WindowsApps;C:\Users\Xjr\AppData\Roaming\npm
USERNAME=Xjr
OS=Windows_NT
PROCESSOR_IDENTIFIER=Intel64 Family 6 Model 60 Stepping 3, GenuineIntel



---------------  S Y S T E M  ---------------

OS: Windows 10.0 , 64 bit Build 14393 (10.0.14393.0)

CPU:total 2 (2 cores per cpu, 1 threads per core) family 6 model 60 stepping 3, cmov, cx8, fxsr, mmx, sse, sse2, sse3, ssse3, sse4.1, sse4.2, popcnt, clmul, erms, lzcnt, tsc, tscinvbit

Memory: 4k page, physical 6159896k(1459352k free), swap 8038076k(5136k free)

vm_info: OpenJDK 64-Bit Server VM (25.76-b03) for windows-amd64 JRE (1.8.0_76-release-b03), built on Jun 29 2016 19:09:20 by "ralucas" with MS VC++ 10.0 (VS2010)

time: Tue Jun 27 15:47:08 2017
elapsed time: 28 seconds (0d 0h 0m 28s)

